{"C:\\Users\\ADMIN\\Desktop\\CODES\\Gymster\\frontend\\src\\components\\theme\\ThemeToggle.jsx": {"path":"C:\\Users\\ADMIN\\Desktop\\CODES\\Gymster\\frontend\\src\\components\\theme\\ThemeToggle.jsx","statementMap":{"0":{"start":{"line":5,"column":17},"end":{"line":5,"column":48}},"1":{"start":{"line":6,"column":17},"end":{"line":6,"column":null}},"2":{"start":{"line":8,"column":2},"end":{"line":19,"column":null}}},"fnMap":{"0":{"name":"ThemeToggle","decl":{"start":{"line":4,"column":9},"end":{"line":4,"column":21}},"loc":{"start":{"line":4,"column":60},"end":{"line":19,"column":null}},"line":4}},"branchMap":{"0":{"loc":{"start":{"line":4,"column":23},"end":{"line":4,"column":39}},"type":"default-arg","locations":[{"start":{"line":4,"column":35},"end":{"line":4,"column":39}}],"line":4},"1":{"loc":{"start":{"line":4,"column":39},"end":{"line":4,"column":60}},"type":"default-arg","locations":[{"start":{"line":4,"column":51},"end":{"line":4,"column":60}}],"line":4},"2":{"loc":{"start":{"line":13,"column":18},"end":{"line":13,"column":null}},"type":"cond-expr","locations":[{"start":{"line":13,"column":27},"end":{"line":13,"column":54}},{"start":{"line":13,"column":54},"end":{"line":13,"column":null}}],"line":13},"3":{"loc":{"start":{"line":14,"column":13},"end":{"line":14,"column":null}},"type":"cond-expr","locations":[{"start":{"line":14,"column":22},"end":{"line":14,"column":37}},{"start":{"line":14,"column":37},"end":{"line":14,"column":null}}],"line":14},"4":{"loc":{"start":{"line":17,"column":9},"end":{"line":17,"column":null}},"type":"cond-expr","locations":[{"start":{"line":17,"column":18},"end":{"line":17,"column":40}},{"start":{"line":17,"column":39},"end":{"line":17,"column":null}}],"line":17},"5":{"loc":{"start":{"line":19,"column":7},"end":{"line":19,"column":null}},"type":"binary-expr","locations":[{"start":{"line":19,"column":7},"end":{"line":19,"column":20}},{"start":{"line":19,"column":20},"end":{"line":19,"column":null}}],"line":19},"6":{"loc":{"start":{"line":19,"column":27},"end":{"line":19,"column":60}},"type":"cond-expr","locations":[{"start":{"line":19,"column":36},"end":{"line":19,"column":45}},{"start":{"line":19,"column":45},"end":{"line":19,"column":60}}],"line":19}},"s":{"0":3,"1":3,"2":3},"f":{"0":3},"b":{"0":[3],"1":[3],"2":[1,2],"3":[1,2],"4":[1,2],"5":[3,2],"6":[1,1]},"meta":{"lastBranch":7,"lastFunction":1,"lastStatement":3,"seen":{"f:4:9:4:21":0,"b:4:35:4:39":0,"b:4:51:4:60":1,"s:5:17:5:48":0,"s:6:17:6:Infinity":1,"s:8:2:19:Infinity":2,"b:13:27:13:54:13:54:13:Infinity":2,"b:14:22:14:37:14:37:14:Infinity":3,"b:17:18:17:40:17:39:17:Infinity":4,"b:19:7:19:20:19:20:19:Infinity":5,"b:19:36:19:45:19:45:19:60":6},"fnNames":{}}}
,"C:\\Users\\ADMIN\\Desktop\\CODES\\Gymster\\frontend\\src\\services\\packageEntitlement.js": {"path":"C:\\Users\\ADMIN\\Desktop\\CODES\\Gymster\\frontend\\src\\services\\packageEntitlement.js","statementMap":{"0":{"start":{"line":1,"column":42},"end":{"line":1,"column":null}},"1":{"start":{"line":4,"column":23},"end":{"line":4,"column":78}},"2":{"start":{"line":5,"column":25},"end":{"line":5,"column":102}},"3":{"start":{"line":6,"column":25},"end":{"line":10,"column":null}},"4":{"start":{"line":12,"column":2},"end":{"line":12,"column":null}},"5":{"start":{"line":16,"column":2},"end":{"line":16,"column":null}}},"fnMap":{"0":{"name":"getAllowedLeaveDaysForPackage","decl":{"start":{"line":3,"column":16},"end":{"line":3,"column":46}},"loc":{"start":{"line":3,"column":56},"end":{"line":12,"column":null}},"line":3},"1":{"name":"getMonthlyLeaveLimit","decl":{"start":{"line":15,"column":16},"end":{"line":15,"column":39}},"loc":{"start":{"line":15,"column":39},"end":{"line":16,"column":null}},"line":15}},"branchMap":{"0":{"loc":{"start":{"line":3,"column":46},"end":{"line":3,"column":54}},"type":"default-arg","locations":[{"start":{"line":3,"column":52},"end":{"line":3,"column":54}}],"line":3},"1":{"loc":{"start":{"line":4,"column":30},"end":{"line":4,"column":78}},"type":"binary-expr","locations":[{"start":{"line":4,"column":30},"end":{"line":4,"column":59}},{"start":{"line":4,"column":59},"end":{"line":4,"column":78}}],"line":4},"2":{"loc":{"start":{"line":5,"column":32},"end":{"line":5,"column":102}},"type":"binary-expr","locations":[{"start":{"line":5,"column":32},"end":{"line":5,"column":100}},{"start":{"line":5,"column":100},"end":{"line":5,"column":102}}],"line":5},"3":{"loc":{"start":{"line":5,"column":39},"end":{"line":5,"column":78}},"type":"binary-expr","locations":[{"start":{"line":5,"column":39},"end":{"line":5,"column":59}},{"start":{"line":5,"column":59},"end":{"line":5,"column":75}},{"start":{"line":5,"column":75},"end":{"line":5,"column":78}}],"line":5},"4":{"loc":{"start":{"line":6,"column":25},"end":{"line":10,"column":null}},"type":"cond-expr","locations":[{"start":{"line":7,"column":6},"end":{"line":7,"column":null}},{"start":{"line":8,"column":6},"end":{"line":10,"column":null}}],"line":6},"5":{"loc":{"start":{"line":6,"column":25},"end":{"line":6,"column":null}},"type":"binary-expr","locations":[{"start":{"line":6,"column":25},"end":{"line":6,"column":54}},{"start":{"line":6,"column":58},"end":{"line":6,"column":null}}],"line":6},"6":{"loc":{"start":{"line":8,"column":6},"end":{"line":10,"column":null}},"type":"cond-expr","locations":[{"start":{"line":9,"column":8},"end":{"line":9,"column":null}},{"start":{"line":10,"column":8},"end":{"line":10,"column":null}}],"line":8},"7":{"loc":{"start":{"line":8,"column":6},"end":{"line":8,"column":null}},"type":"binary-expr","locations":[{"start":{"line":8,"column":6},"end":{"line":8,"column":37}},{"start":{"line":8,"column":41},"end":{"line":8,"column":null}}],"line":8}},"s":{"0":1,"1":3,"2":3,"3":3,"4":3,"5":0},"f":{"0":3,"1":0},"b":{"0":[3],"1":[3,1],"2":[3,3],"3":[3,3,3],"4":[2,1],"5":[3,2],"6":[0,1],"7":[1,1]},"meta":{"lastBranch":8,"lastFunction":2,"lastStatement":6,"seen":{"s:1:42:1:Infinity":0,"f:3:16:3:46":0,"b:3:52:3:54":0,"s:4:23:4:78":1,"b:4:30:4:59:4:59:4:78":1,"s:5:25:5:102":2,"b:5:32:5:100:5:100:5:102":2,"b:5:39:5:59:5:59:5:75:5:75:5:78":3,"s:6:25:10:Infinity":3,"b:7:6:7:Infinity:8:6:10:Infinity":4,"b:6:25:6:54:6:58:6:Infinity":5,"b:9:8:9:Infinity:10:8:10:Infinity":6,"b:8:6:8:37:8:41:8:Infinity":7,"s:12:2:12:Infinity":4,"f:15:16:15:39":1,"s:16:2:16:Infinity":5},"fnNames":{}}}
,"C:\\Users\\ADMIN\\Desktop\\CODES\\Gymster\\frontend\\src\\services\\sessionModel.js": {"path":"C:\\Users\\ADMIN\\Desktop\\CODES\\Gymster\\frontend\\src\\services\\sessionModel.js","statementMap":{"0":{"start":{"line":2,"column":21},"end":{"line":2,"column":83}},"1":{"start":{"line":3,"column":2},"end":{"line":3,"column":null}},"2":{"start":{"line":3,"column":50},"end":{"line":3,"column":null}},"3":{"start":{"line":4,"column":2},"end":{"line":4,"column":null}},"4":{"start":{"line":4,"column":89},"end":{"line":4,"column":null}},"5":{"start":{"line":5,"column":2},"end":{"line":5,"column":null}},"6":{"start":{"line":9,"column":21},"end":{"line":9,"column":51}},"7":{"start":{"line":10,"column":2},"end":{"line":10,"column":null}},"8":{"start":{"line":14,"column":2},"end":{"line":26,"column":null}},"9":{"start":{"line":15,"column":26},"end":{"line":15,"column":69}},"10":{"start":{"line":17,"column":22},"end":{"line":22,"column":35}},"11":{"start":{"line":23,"column":26},"end":{"line":23,"column":67}},"12":{"start":{"line":24,"column":6},"end":{"line":24,"column":null}}},"fnMap":{"0":{"name":"normalizeSessionStatus","decl":{"start":{"line":1,"column":16},"end":{"line":1,"column":39}},"loc":{"start":{"line":1,"column":47},"end":{"line":5,"column":null}},"line":1},"1":{"name":"getSessionStatusLabel","decl":{"start":{"line":8,"column":16},"end":{"line":8,"column":38}},"loc":{"start":{"line":8,"column":46},"end":{"line":10,"column":null}},"line":8},"2":{"name":"formatSessionExerciseContent","decl":{"start":{"line":13,"column":16},"end":{"line":13,"column":45}},"loc":{"start":{"line":13,"column":61},"end":{"line":26,"column":null}},"line":13},"3":{"name":"(anonymous_3)","decl":{"start":{"line":15,"column":5},"end":{"line":15,"column":13}},"loc":{"start":{"line":15,"column":26},"end":{"line":15,"column":69}},"line":15},"4":{"name":"(anonymous_4)","decl":{"start":{"line":16,"column":5},"end":{"line":16,"column":10}},"loc":{"start":{"line":16,"column":30},"end":{"line":25,"column":null}},"line":16}},"branchMap":{"0":{"loc":{"start":{"line":2,"column":28},"end":{"line":2,"column":41}},"type":"binary-expr","locations":[{"start":{"line":2,"column":28},"end":{"line":2,"column":38}},{"start":{"line":2,"column":38},"end":{"line":2,"column":41}}],"line":2},"1":{"loc":{"start":{"line":3,"column":2},"end":{"line":3,"column":null}},"type":"if","locations":[{"start":{"line":3,"column":2},"end":{"line":3,"column":null}},{"start":{},"end":{}}],"line":3},"2":{"loc":{"start":{"line":4,"column":2},"end":{"line":4,"column":null}},"type":"if","locations":[{"start":{"line":4,"column":2},"end":{"line":4,"column":null}},{"start":{},"end":{}}],"line":4},"3":{"loc":{"start":{"line":13,"column":45},"end":{"line":13,"column":59}},"type":"default-arg","locations":[{"start":{"line":13,"column":57},"end":{"line":13,"column":59}}],"line":13},"4":{"loc":{"start":{"line":15,"column":33},"end":{"line":15,"column":62}},"type":"binary-expr","locations":[{"start":{"line":15,"column":33},"end":{"line":15,"column":59}},{"start":{"line":15,"column":59},"end":{"line":15,"column":62}}],"line":15},"5":{"loc":{"start":{"line":18,"column":8},"end":{"line":18,"column":null}},"type":"cond-expr","locations":[{"start":{"line":18,"column":24},"end":{"line":18,"column":50}},{"start":{"line":18,"column":50},"end":{"line":18,"column":null}}],"line":18},"6":{"loc":{"start":{"line":19,"column":8},"end":{"line":19,"column":null}},"type":"cond-expr","locations":[{"start":{"line":19,"column":24},"end":{"line":19,"column":50}},{"start":{"line":19,"column":50},"end":{"line":19,"column":null}}],"line":19},"7":{"loc":{"start":{"line":20,"column":8},"end":{"line":20,"column":null}},"type":"cond-expr","locations":[{"start":{"line":20,"column":28},"end":{"line":20,"column":59}},{"start":{"line":20,"column":59},"end":{"line":20,"column":null}}],"line":20},"8":{"loc":{"start":{"line":21,"column":8},"end":{"line":21,"column":null}},"type":"binary-expr","locations":[{"start":{"line":21,"column":8},"end":{"line":21,"column":31}},{"start":{"line":21,"column":31},"end":{"line":21,"column":null}}],"line":21},"9":{"loc":{"start":{"line":23,"column":33},"end":{"line":23,"column":60}},"type":"binary-expr","locations":[{"start":{"line":23,"column":33},"end":{"line":23,"column":57}},{"start":{"line":23,"column":57},"end":{"line":23,"column":60}}],"line":23},"10":{"loc":{"start":{"line":24,"column":69},"end":{"line":24,"column":102}},"type":"cond-expr","locations":[{"start":{"line":24,"column":79},"end":{"line":24,"column":97}},{"start":{"line":24,"column":97},"end":{"line":24,"column":102}}],"line":24},"11":{"loc":{"start":{"line":24,"column":102},"end":{"line":24,"column":null}},"type":"cond-expr","locations":[{"start":{"line":24,"column":116},"end":{"line":24,"column":140}},{"start":{"line":24,"column":140},"end":{"line":24,"column":null}}],"line":24}},"s":{"0":4,"1":4,"2":1,"3":3,"4":2,"5":1,"6":1,"7":1,"8":0,"9":0,"10":0,"11":0,"12":0},"f":{"0":4,"1":1,"2":0,"3":0,"4":0},"b":{"0":[4,0],"1":[1,3],"2":[2,1],"3":[0],"4":[0,0],"5":[0,0],"6":[0,0],"7":[0,0],"8":[0,0],"9":[0,0],"10":[0,0],"11":[0,0]},"meta":{"lastBranch":12,"lastFunction":5,"lastStatement":13,"seen":{"f:1:16:1:39":0,"s:2:21:2:83":0,"b:2:28:2:38:2:38:2:41":0,"b:3:2:3:Infinity:undefined:undefined:undefined:undefined":1,"s:3:2:3:Infinity":1,"s:3:50:3:Infinity":2,"b:4:2:4:Infinity:undefined:undefined:undefined:undefined":2,"s:4:2:4:Infinity":3,"s:4:89:4:Infinity":4,"s:5:2:5:Infinity":5,"f:8:16:8:38":1,"s:9:21:9:51":6,"s:10:2:10:Infinity":7,"f:13:16:13:45":2,"b:13:57:13:59":3,"s:14:2:26:Infinity":8,"f:15:5:15:13":3,"s:15:26:15:69":9,"b:15:33:15:59:15:59:15:62":4,"f:16:5:16:10":4,"s:17:22:22:35":10,"b:18:24:18:50:18:50:18:Infinity":5,"b:19:24:19:50:19:50:19:Infinity":6,"b:20:28:20:59:20:59:20:Infinity":7,"b:21:8:21:31:21:31:21:Infinity":8,"s:23:26:23:67":11,"b:23:33:23:57:23:57:23:60":9,"s:24:6:24:Infinity":12,"b:24:79:24:97:24:97:24:102":10,"b:24:116:24:140:24:140:24:Infinity":11},"fnNames":{}}}
,"C:\\Users\\ADMIN\\Desktop\\CODES\\Gymster\\frontend\\src\\services\\trainingRequestLocal.js": {"path":"C:\\Users\\ADMIN\\Desktop\\CODES\\Gymster\\frontend\\src\\services\\trainingRequestLocal.js","statementMap":{"0":{"start":{"line":2,"column":21},"end":{"line":2,"column":55}},"1":{"start":{"line":3,"column":17},"end":{"line":12,"column":null}},"2":{"start":{"line":14,"column":2},"end":{"line":14,"column":null}},"3":{"start":{"line":18,"column":2},"end":{"line":18,"column":null}},"4":{"start":{"line":22,"column":2},"end":{"line":22,"column":null}},"5":{"start":{"line":26,"column":27},"end":{"line":26,"column":98}},"6":{"start":{"line":27,"column":17},"end":{"line":27,"column":75}},"7":{"start":{"line":27,"column":37},"end":{"line":27,"column":75}},"8":{"start":{"line":29,"column":2},"end":{"line":34,"column":null}},"9":{"start":{"line":30,"column":4},"end":{"line":34,"column":null}},"10":{"start":{"line":37,"column":21},"end":{"line":44,"column":null}},"11":{"start":{"line":46,"column":2},"end":{"line":50,"column":null}},"12":{"start":{"line":47,"column":30},"end":{"line":47,"column":105}}},"fnMap":{"0":{"name":"getTrainingRequestStatusLabel","decl":{"start":{"line":1,"column":16},"end":{"line":1,"column":46}},"loc":{"start":{"line":1,"column":54},"end":{"line":14,"column":null}},"line":1},"1":{"name":"isLocalTrainingRequestId","decl":{"start":{"line":17,"column":16},"end":{"line":17,"column":41}},"loc":{"start":{"line":17,"column":52},"end":{"line":18,"column":null}},"line":17},"2":{"name":"getLocalRequestId","decl":{"start":{"line":21,"column":9},"end":{"line":21,"column":27}},"loc":{"start":{"line":21,"column":36},"end":{"line":22,"column":null}},"line":21},"3":{"name":"applyLocalTrainingRequestStatus","decl":{"start":{"line":25,"column":16},"end":{"line":25,"column":48}},"loc":{"start":{"line":25,"column":93},"end":{"line":50,"column":null}},"line":25},"4":{"name":"(anonymous_4)","decl":{"start":{"line":27,"column":22},"end":{"line":27,"column":28}},"loc":{"start":{"line":27,"column":37},"end":{"line":27,"column":75}},"line":27},"5":{"name":"(anonymous_5)","decl":{"start":{"line":47,"column":15},"end":{"line":47,"column":20}},"loc":{"start":{"line":47,"column":30},"end":{"line":47,"column":105}},"line":47}},"branchMap":{"0":{"loc":{"start":{"line":2,"column":28},"end":{"line":2,"column":41}},"type":"binary-expr","locations":[{"start":{"line":2,"column":28},"end":{"line":2,"column":38}},{"start":{"line":2,"column":38},"end":{"line":2,"column":41}}],"line":2},"1":{"loc":{"start":{"line":14,"column":9},"end":{"line":14,"column":null}},"type":"binary-expr","locations":[{"start":{"line":14,"column":9},"end":{"line":14,"column":31}},{"start":{"line":14,"column":31},"end":{"line":14,"column":41}},{"start":{"line":14,"column":41},"end":{"line":14,"column":null}}],"line":14},"2":{"loc":{"start":{"line":18,"column":16},"end":{"line":18,"column":32}},"type":"binary-expr","locations":[{"start":{"line":18,"column":16},"end":{"line":18,"column":29}},{"start":{"line":18,"column":29},"end":{"line":18,"column":32}}],"line":18},"3":{"loc":{"start":{"line":22,"column":9},"end":{"line":22,"column":null}},"type":"binary-expr","locations":[{"start":{"line":22,"column":9},"end":{"line":22,"column":31}},{"start":{"line":22,"column":31},"end":{"line":22,"column":46}},{"start":{"line":22,"column":46},"end":{"line":22,"column":null}}],"line":22},"4":{"loc":{"start":{"line":25,"column":73},"end":{"line":25,"column":93}},"type":"default-arg","locations":[{"start":{"line":25,"column":89},"end":{"line":25,"column":93}}],"line":25},"5":{"loc":{"start":{"line":26,"column":27},"end":{"line":26,"column":98}},"type":"cond-expr","locations":[{"start":{"line":26,"column":51},"end":{"line":26,"column":64}},{"start":{"line":26,"column":64},"end":{"line":26,"column":98}}],"line":26},"6":{"loc":{"start":{"line":26,"column":71},"end":{"line":26,"column":84}},"type":"binary-expr","locations":[{"start":{"line":26,"column":71},"end":{"line":26,"column":81}},{"start":{"line":26,"column":81},"end":{"line":26,"column":84}}],"line":26},"7":{"loc":{"start":{"line":29,"column":2},"end":{"line":34,"column":null}},"type":"if","locations":[{"start":{"line":29,"column":2},"end":{"line":34,"column":null}},{"start":{},"end":{}}],"line":29},"8":{"loc":{"start":{"line":47,"column":30},"end":{"line":47,"column":105}},"type":"cond-expr","locations":[{"start":{"line":47,"column":86},"end":{"line":47,"column":99}},{"start":{"line":47,"column":99},"end":{"line":47,"column":105}}],"line":47}},"s":{"0":2,"1":2,"2":2,"3":2,"4":3,"5":1,"6":1,"7":1,"8":1,"9":0,"10":1,"11":1,"12":1},"f":{"0":2,"1":2,"2":3,"3":1,"4":1,"5":1},"b":{"0":[2,0],"1":[2,0,0],"2":[2,0],"3":[3,0,0],"4":[1],"5":[0,1],"6":[1,0],"7":[0,1],"8":[1,0]},"meta":{"lastBranch":9,"lastFunction":6,"lastStatement":13,"seen":{"f:1:16:1:46":0,"s:2:21:2:55":0,"b:2:28:2:38:2:38:2:41":0,"s:3:17:12:Infinity":1,"s:14:2:14:Infinity":2,"b:14:9:14:31:14:31:14:41:14:41:14:Infinity":1,"f:17:16:17:41":1,"s:18:2:18:Infinity":3,"b:18:16:18:29:18:29:18:32":2,"f:21:9:21:27":2,"s:22:2:22:Infinity":4,"b:22:9:22:31:22:31:22:46:22:46:22:Infinity":3,"f:25:16:25:48":3,"b:25:89:25:93":4,"s:26:27:26:98":5,"b:26:51:26:64:26:64:26:98":5,"b:26:71:26:81:26:81:26:84":6,"s:27:17:27:75":6,"f:27:22:27:28":4,"s:27:37:27:75":7,"b:29:2:34:Infinity:undefined:undefined:undefined:undefined":7,"s:29:2:34:Infinity":8,"s:30:4:34:Infinity":9,"s:37:21:44:Infinity":10,"s:46:2:50:Infinity":11,"f:47:15:47:20":5,"s:47:30:47:105":12,"b:47:86:47:99:47:99:47:105":8},"fnNames":{}}}
,"C:\\Users\\ADMIN\\Desktop\\CODES\\Gymster\\frontend\\src\\services\\workoutPlanModel.js": {"path":"C:\\Users\\ADMIN\\Desktop\\CODES\\Gymster\\frontend\\src\\services\\workoutPlanModel.js","statementMap":{"0":{"start":{"line":2,"column":2},"end":{"line":2,"column":null}},"1":{"start":{"line":6,"column":17},"end":{"line":6,"column":30}},"2":{"start":{"line":7,"column":2},"end":{"line":7,"column":null}},"3":{"start":{"line":11,"column":20},"end":{"line":11,"column":74}},"4":{"start":{"line":13,"column":2},"end":{"line":33,"column":null}},"5":{"start":{"line":23,"column":51},"end":{"line":32,"column":null}},"6":{"start":{"line":37,"column":21},"end":{"line":37,"column":53}},"7":{"start":{"line":38,"column":2},"end":{"line":38,"column":null}},"8":{"start":{"line":38,"column":34},"end":{"line":38,"column":null}},"9":{"start":{"line":39,"column":2},"end":{"line":39,"column":null}},"10":{"start":{"line":39,"column":36},"end":{"line":39,"column":null}},"11":{"start":{"line":40,"column":2},"end":{"line":41,"column":null}},"12":{"start":{"line":40,"column":46},"end":{"line":40,"column":70}},"13":{"start":{"line":41,"column":4},"end":{"line":41,"column":null}},"14":{"start":{"line":43,"column":2},"end":{"line":43,"column":null}}},"fnMap":{"0":{"name":"cleanText","decl":{"start":{"line":1,"column":9},"end":{"line":1,"column":19}},"loc":{"start":{"line":1,"column":26},"end":{"line":2,"column":null}},"line":1},"1":{"name":"cleanNumber","decl":{"start":{"line":5,"column":9},"end":{"line":5,"column":21}},"loc":{"start":{"line":5,"column":42},"end":{"line":7,"column":null}},"line":5},"2":{"name":"normalizeWorkoutPlanDraft","decl":{"start":{"line":10,"column":16},"end":{"line":10,"column":42}},"loc":{"start":{"line":10,"column":49},"end":{"line":33,"column":null}},"line":10},"3":{"name":"(anonymous_3)","decl":{"start":{"line":23,"column":25},"end":{"line":23,"column":30}},"loc":{"start":{"line":23,"column":51},"end":{"line":32,"column":null}},"line":23},"4":{"name":"validateWorkoutPlanDraft","decl":{"start":{"line":36,"column":16},"end":{"line":36,"column":41}},"loc":{"start":{"line":36,"column":48},"end":{"line":43,"column":null}},"line":36},"5":{"name":"(anonymous_5)","decl":{"start":{"line":40,"column":27},"end":{"line":40,"column":33}},"loc":{"start":{"line":40,"column":46},"end":{"line":40,"column":70}},"line":40}},"branchMap":{"0":{"loc":{"start":{"line":2,"column":16},"end":{"line":2,"column":28}},"type":"binary-expr","locations":[{"start":{"line":2,"column":16},"end":{"line":2,"column":25}},{"start":{"line":2,"column":25},"end":{"line":2,"column":28}}],"line":2},"1":{"loc":{"start":{"line":5,"column":28},"end":{"line":5,"column":42}},"type":"default-arg","locations":[{"start":{"line":5,"column":39},"end":{"line":5,"column":42}}],"line":5},"2":{"loc":{"start":{"line":7,"column":9},"end":{"line":7,"column":null}},"type":"cond-expr","locations":[{"start":{"line":7,"column":50},"end":{"line":7,"column":59}},{"start":{"line":7,"column":59},"end":{"line":7,"column":null}}],"line":7},"3":{"loc":{"start":{"line":7,"column":9},"end":{"line":7,"column":50}},"type":"binary-expr","locations":[{"start":{"line":7,"column":9},"end":{"line":7,"column":32}},{"start":{"line":7,"column":36},"end":{"line":7,"column":50}}],"line":7},"4":{"loc":{"start":{"line":11,"column":20},"end":{"line":11,"column":74}},"type":"cond-expr","locations":[{"start":{"line":11,"column":54},"end":{"line":11,"column":72}},{"start":{"line":11,"column":72},"end":{"line":11,"column":74}}],"line":11},"5":{"loc":{"start":{"line":15,"column":17},"end":{"line":15,"column":null}},"type":"binary-expr","locations":[{"start":{"line":15,"column":17},"end":{"line":15,"column":43}},{"start":{"line":15,"column":47},"end":{"line":15,"column":null}}],"line":15},"6":{"loc":{"start":{"line":18,"column":18},"end":{"line":18,"column":null}},"type":"binary-expr","locations":[{"start":{"line":18,"column":18},"end":{"line":18,"column":45}},{"start":{"line":18,"column":49},"end":{"line":18,"column":null}}],"line":18},"7":{"loc":{"start":{"line":19,"column":16},"end":{"line":19,"column":null}},"type":"binary-expr","locations":[{"start":{"line":19,"column":16},"end":{"line":19,"column":41}},{"start":{"line":19,"column":45},"end":{"line":19,"column":null}}],"line":19},"8":{"loc":{"start":{"line":20,"column":14},"end":{"line":20,"column":null}},"type":"binary-expr","locations":[{"start":{"line":20,"column":14},"end":{"line":20,"column":38}},{"start":{"line":20,"column":42},"end":{"line":20,"column":null}}],"line":20},"9":{"loc":{"start":{"line":38,"column":2},"end":{"line":38,"column":null}},"type":"if","locations":[{"start":{"line":38,"column":2},"end":{"line":38,"column":null}},{"start":{},"end":{}}],"line":38},"10":{"loc":{"start":{"line":39,"column":2},"end":{"line":39,"column":null}},"type":"if","locations":[{"start":{"line":39,"column":2},"end":{"line":39,"column":null}},{"start":{},"end":{}}],"line":39},"11":{"loc":{"start":{"line":40,"column":2},"end":{"line":41,"column":null}},"type":"if","locations":[{"start":{"line":40,"column":2},"end":{"line":41,"column":null}},{"start":{},"end":{}}],"line":40}},"s":{"0":24,"1":4,"2":4,"3":2,"4":2,"5":2,"6":0,"7":0,"8":0,"9":0,"10":0,"11":0,"12":0,"13":0,"14":0},"f":{"0":24,"1":4,"2":2,"3":2,"4":0,"5":0},"b":{"0":[24,12],"1":[4],"2":[2,2],"3":[4,2],"4":[2,0],"5":[2,1],"6":[2,2],"7":[2,2],"8":[2,1],"9":[0,0],"10":[0,0],"11":[0,0]},"meta":{"lastBranch":12,"lastFunction":6,"lastStatement":15,"seen":{"f:1:9:1:19":0,"s:2:2:2:Infinity":0,"b:2:16:2:25:2:25:2:28":0,"f:5:9:5:21":1,"b:5:39:5:42":1,"s:6:17:6:30":1,"s:7:2:7:Infinity":2,"b:7:50:7:59:7:59:7:Infinity":2,"b:7:9:7:32:7:36:7:50":3,"f:10:16:10:42":2,"s:11:20:11:74":3,"b:11:54:11:72:11:72:11:74":4,"s:13:2:33:Infinity":4,"b:15:17:15:43:15:47:15:Infinity":5,"b:18:18:18:45:18:49:18:Infinity":6,"b:19:16:19:41:19:45:19:Infinity":7,"b:20:14:20:38:20:42:20:Infinity":8,"f:23:25:23:30":3,"s:23:51:32:Infinity":5,"f:36:16:36:41":4,"s:37:21:37:53":6,"b:38:2:38:Infinity:undefined:undefined:undefined:undefined":9,"s:38:2:38:Infinity":7,"s:38:34:38:Infinity":8,"b:39:2:39:Infinity:undefined:undefined:undefined:undefined":10,"s:39:2:39:Infinity":9,"s:39:36:39:Infinity":10,"b:40:2:41:Infinity:undefined:undefined:undefined:undefined":11,"s:40:2:41:Infinity":11,"f:40:27:40:33":5,"s:40:46:40:70":12,"s:41:4:41:Infinity":13,"s:43:2:43:Infinity":14},"fnNames":{}}}
,"C:\\Users\\ADMIN\\Desktop\\CODES\\Gymster\\frontend\\src\\services\\workoutScheduleGenerator.js": {"path":"C:\\Users\\ADMIN\\Desktop\\CODES\\Gymster\\frontend\\src\\services\\workoutScheduleGenerator.js","statementMap":{"0":{"start":{"line":1,"column":19},"end":{"line":9,"column":null}},"1":{"start":{"line":12,"column":2},"end":{"line":13,"column":null}},"2":{"start":{"line":13,"column":4},"end":{"line":13,"column":null}},"3":{"start":{"line":16,"column":16},"end":{"line":16,"column":69}},"4":{"start":{"line":17,"column":2},"end":{"line":17,"column":null}},"5":{"start":{"line":17,"column":14},"end":{"line":17,"column":null}},"6":{"start":{"line":19,"column":31},"end":{"line":19,"column":null}},"7":{"start":{"line":20,"column":2},"end":{"line":20,"column":null}},"8":{"start":{"line":24,"column":15},"end":{"line":24,"column":33}},"9":{"start":{"line":25,"column":16},"end":{"line":25,"column":60}},"10":{"start":{"line":26,"column":14},"end":{"line":26,"column":53}},"11":{"start":{"line":27,"column":2},"end":{"line":27,"column":null}},"12":{"start":{"line":31,"column":41},"end":{"line":31,"column":74}},"13":{"start":{"line":32,"column":51},"end":{"line":32,"column":99}},"14":{"start":{"line":32,"column":86},"end":{"line":32,"column":98}},"15":{"start":{"line":33,"column":15},"end":{"line":37,"column":39}},"16":{"start":{"line":35,"column":18},"end":{"line":35,"column":42}},"17":{"start":{"line":36,"column":18},"end":{"line":36,"column":34}},"18":{"start":{"line":37,"column":21},"end":{"line":37,"column":39}},"19":{"start":{"line":39,"column":2},"end":{"line":39,"column":null}},"20":{"start":{"line":43,"column":16},"end":{"line":43,"column":49}},"21":{"start":{"line":44,"column":2},"end":{"line":54,"column":null}},"22":{"start":{"line":45,"column":17},"end":{"line":45,"column":19}},"23":{"start":{"line":46,"column":22},"end":{"line":46,"column":24}},"24":{"start":{"line":47,"column":4},"end":{"line":53,"column":null}},"25":{"start":{"line":48,"column":25},"end":{"line":48,"column":61}},"26":{"start":{"line":49,"column":6},"end":{"line":52,"column":null}},"27":{"start":{"line":50,"column":8},"end":{"line":50,"column":null}},"28":{"start":{"line":51,"column":8},"end":{"line":51,"column":null}},"29":{"start":{"line":54,"column":4},"end":{"line":54,"column":null}},"30":{"start":{"line":56,"column":2},"end":{"line":56,"column":null}},"31":{"start":{"line":60,"column":17},"end":{"line":60,"column":45}},"32":{"start":{"line":61,"column":21},"end":{"line":61,"column":43}},"33":{"start":{"line":62,"column":19},"end":{"line":62,"column":39}},"34":{"start":{"line":64,"column":2},"end":{"line":65,"column":null}},"35":{"start":{"line":65,"column":4},"end":{"line":65,"column":null}},"36":{"start":{"line":68,"column":19},"end":{"line":68,"column":21}},"37":{"start":{"line":69,"column":17},"end":{"line":69,"column":37}},"38":{"start":{"line":71,"column":2},"end":{"line":91,"column":null}},"39":{"start":{"line":72,"column":23},"end":{"line":72,"column":38}},"40":{"start":{"line":73,"column":4},"end":{"line":88,"column":null}},"41":{"start":{"line":74,"column":20},"end":{"line":74,"column":72}},"42":{"start":{"line":74,"column":51},"end":{"line":74,"column":72}},"43":{"start":{"line":75,"column":6},"end":{"line":81,"column":null}},"44":{"start":{"line":76,"column":8},"end":{"line":80,"column":null}},"45":{"start":{"line":83,"column":6},"end":{"line":88,"column":null}},"46":{"start":{"line":84,"column":8},"end":{"line":88,"column":null}},"47":{"start":{"line":91,"column":4},"end":{"line":91,"column":null}},"48":{"start":{"line":94,"column":2},"end":{"line":94,"column":null}},"49":{"start":{"line":98,"column":17},"end":{"line":98,"column":45}},"50":{"start":{"line":99,"column":15},"end":{"line":99,"column":69}},"51":{"start":{"line":100,"column":19},"end":{"line":100,"column":21}},"52":{"start":{"line":101,"column":17},"end":{"line":101,"column":52}},"53":{"start":{"line":102,"column":2},"end":{"line":102,"column":null}},"54":{"start":{"line":104,"column":2},"end":{"line":126,"column":null}},"55":{"start":{"line":105,"column":23},"end":{"line":105,"column":38}},"56":{"start":{"line":106,"column":4},"end":{"line":123,"column":null}},"57":{"start":{"line":107,"column":20},"end":{"line":107,"column":72}},"58":{"start":{"line":107,"column":51},"end":{"line":107,"column":72}},"59":{"start":{"line":108,"column":6},"end":{"line":116,"column":null}},"60":{"start":{"line":109,"column":8},"end":{"line":114,"column":null}},"61":{"start":{"line":110,"column":10},"end":{"line":114,"column":null}},"62":{"start":{"line":118,"column":6},"end":{"line":123,"column":null}},"63":{"start":{"line":119,"column":8},"end":{"line":123,"column":null}},"64":{"start":{"line":126,"column":4},"end":{"line":126,"column":null}},"65":{"start":{"line":129,"column":2},"end":{"line":129,"column":null}}},"fnMap":{"0":{"name":"toLocalDate","decl":{"start":{"line":11,"column":9},"end":{"line":11,"column":21}},"loc":{"start":{"line":11,"column":28},"end":{"line":20,"column":null}},"line":11},"1":{"name":"toDateValue","decl":{"start":{"line":23,"column":9},"end":{"line":23,"column":21}},"loc":{"start":{"line":23,"column":27},"end":{"line":27,"column":null}},"line":23},"2":{"name":"parseSingleSchedulePart","decl":{"start":{"line":30,"column":9},"end":{"line":30,"column":33}},"loc":{"start":{"line":30,"column":43},"end":{"line":39,"column":null}},"line":30},"3":{"name":"(anonymous_3)","decl":{"start":{"line":32,"column":71},"end":{"line":32,"column":76}},"loc":{"start":{"line":32,"column":86},"end":{"line":32,"column":98}},"line":32},"4":{"name":"(anonymous_4)","decl":{"start":{"line":35,"column":5},"end":{"line":35,"column":10}},"loc":{"start":{"line":35,"column":18},"end":{"line":35,"column":42}},"line":35},"5":{"name":"(anonymous_5)","decl":{"start":{"line":36,"column":5},"end":{"line":36,"column":10}},"loc":{"start":{"line":36,"column":18},"end":{"line":36,"column":34}},"line":36},"6":{"name":"(anonymous_6)","decl":{"start":{"line":37,"column":5},"end":{"line":37,"column":13}},"loc":{"start":{"line":37,"column":21},"end":{"line":37,"column":39}},"line":37},"7":{"name":"parseFixedSchedule","decl":{"start":{"line":42,"column":16},"end":{"line":42,"column":35}},"loc":{"start":{"line":42,"column":45},"end":{"line":56,"column":null}},"line":42},"8":{"name":"(anonymous_8)","decl":{"start":{"line":47,"column":10},"end":{"line":47,"column":19}},"loc":{"start":{"line":47,"column":28},"end":{"line":53,"column":null}},"line":47},"9":{"name":"(anonymous_9)","decl":{"start":{"line":49,"column":22},"end":{"line":49,"column":31}},"loc":{"start":{"line":49,"column":37},"end":{"line":52,"column":null}},"line":49},"10":{"name":"generateSessionsForPackageRange","decl":{"start":{"line":59,"column":16},"end":{"line":59,"column":48}},"loc":{"start":{"line":59,"column":82},"end":{"line":94,"column":null}},"line":59},"11":{"name":"(anonymous_11)","decl":{"start":{"line":74,"column":37},"end":{"line":74,"column":45}},"loc":{"start":{"line":74,"column":51},"end":{"line":74,"column":72}},"line":74},"12":{"name":"(anonymous_12)","decl":{"start":{"line":75,"column":12},"end":{"line":75,"column":21}},"loc":{"start":{"line":75,"column":30},"end":{"line":81,"column":null}},"line":75},"13":{"name":"generateUpcomingSessions","decl":{"start":{"line":97,"column":16},"end":{"line":97,"column":41}},"loc":{"start":{"line":97,"column":85},"end":{"line":129,"column":null}},"line":97},"14":{"name":"(anonymous_14)","decl":{"start":{"line":107,"column":37},"end":{"line":107,"column":45}},"loc":{"start":{"line":107,"column":51},"end":{"line":107,"column":72}},"line":107},"15":{"name":"(anonymous_15)","decl":{"start":{"line":108,"column":12},"end":{"line":108,"column":21}},"loc":{"start":{"line":108,"column":30},"end":{"line":116,"column":null}},"line":108}},"branchMap":{"0":{"loc":{"start":{"line":12,"column":2},"end":{"line":13,"column":null}},"type":"if","locations":[{"start":{"line":12,"column":2},"end":{"line":13,"column":null}},{"start":{},"end":{}}],"line":12},"1":{"loc":{"start":{"line":16,"column":23},"end":{"line":16,"column":35}},"type":"binary-expr","locations":[{"start":{"line":16,"column":23},"end":{"line":16,"column":32}},{"start":{"line":16,"column":32},"end":{"line":16,"column":35}}],"line":16},"2":{"loc":{"start":{"line":17,"column":2},"end":{"line":17,"column":null}},"type":"if","locations":[{"start":{"line":17,"column":2},"end":{"line":17,"column":null}},{"start":{},"end":{}}],"line":17},"3":{"loc":{"start":{"line":31,"column":9},"end":{"line":31,"column":24}},"type":"default-arg","locations":[{"start":{"line":31,"column":20},"end":{"line":31,"column":24}}],"line":31},"4":{"loc":{"start":{"line":31,"column":24},"end":{"line":31,"column":41}},"type":"default-arg","locations":[{"start":{"line":31,"column":35},"end":{"line":31,"column":41}}],"line":31},"5":{"loc":{"start":{"line":31,"column":48},"end":{"line":31,"column":63}},"type":"binary-expr","locations":[{"start":{"line":31,"column":48},"end":{"line":31,"column":60}},{"start":{"line":31,"column":60},"end":{"line":31,"column":63}}],"line":31},"6":{"loc":{"start":{"line":32,"column":9},"end":{"line":32,"column":30}},"type":"default-arg","locations":[{"start":{"line":32,"column":21},"end":{"line":32,"column":30}}],"line":32},"7":{"loc":{"start":{"line":32,"column":30},"end":{"line":32,"column":51}},"type":"default-arg","locations":[{"start":{"line":32,"column":40},"end":{"line":32,"column":51}}],"line":32},"8":{"loc":{"start":{"line":43,"column":23},"end":{"line":43,"column":38}},"type":"binary-expr","locations":[{"start":{"line":43,"column":23},"end":{"line":43,"column":35}},{"start":{"line":43,"column":35},"end":{"line":43,"column":38}}],"line":43},"9":{"loc":{"start":{"line":44,"column":2},"end":{"line":54,"column":null}},"type":"if","locations":[{"start":{"line":44,"column":2},"end":{"line":54,"column":null}},{"start":{},"end":{}}],"line":44},"10":{"loc":{"start":{"line":64,"column":2},"end":{"line":65,"column":null}},"type":"if","locations":[{"start":{"line":64,"column":2},"end":{"line":65,"column":null}},{"start":{},"end":{}}],"line":64},"11":{"loc":{"start":{"line":64,"column":6},"end":{"line":64,"column":80}},"type":"binary-expr","locations":[{"start":{"line":64,"column":6},"end":{"line":64,"column":21}},{"start":{"line":64,"column":21},"end":{"line":64,"column":34}},{"start":{"line":64,"column":34},"end":{"line":64,"column":59}},{"start":{"line":64,"column":59},"end":{"line":64,"column":80}}],"line":64},"12":{"loc":{"start":{"line":73,"column":4},"end":{"line":88,"column":null}},"type":"if","locations":[{"start":{"line":73,"column":4},"end":{"line":88,"column":null}},{"start":{"line":82,"column":11},"end":{"line":88,"column":null}}],"line":73},"13":{"loc":{"start":{"line":83,"column":6},"end":{"line":88,"column":null}},"type":"if","locations":[{"start":{"line":83,"column":6},"end":{"line":88,"column":null}},{"start":{},"end":{}}],"line":83},"14":{"loc":{"start":{"line":97,"column":51},"end":{"line":97,"column":62}},"type":"default-arg","locations":[{"start":{"line":97,"column":59},"end":{"line":97,"column":62}}],"line":97},"15":{"loc":{"start":{"line":97,"column":62},"end":{"line":97,"column":83}},"type":"default-arg","locations":[{"start":{"line":97,"column":73},"end":{"line":97,"column":83}}],"line":97},"16":{"loc":{"start":{"line":99,"column":15},"end":{"line":99,"column":69}},"type":"cond-expr","locations":[{"start":{"line":99,"column":36},"end":{"line":99,"column":50}},{"start":{"line":99,"column":50},"end":{"line":99,"column":69}}],"line":99},"17":{"loc":{"start":{"line":101,"column":17},"end":{"line":101,"column":52}},"type":"binary-expr","locations":[{"start":{"line":101,"column":17},"end":{"line":101,"column":38}},{"start":{"line":101,"column":42},"end":{"line":101,"column":52}}],"line":101},"18":{"loc":{"start":{"line":106,"column":4},"end":{"line":123,"column":null}},"type":"if","locations":[{"start":{"line":106,"column":4},"end":{"line":123,"column":null}},{"start":{"line":117,"column":11},"end":{"line":123,"column":null}}],"line":106},"19":{"loc":{"start":{"line":109,"column":8},"end":{"line":114,"column":null}},"type":"if","locations":[{"start":{"line":109,"column":8},"end":{"line":114,"column":null}},{"start":{},"end":{}}],"line":109},"20":{"loc":{"start":{"line":118,"column":6},"end":{"line":123,"column":null}},"type":"if","locations":[{"start":{"line":118,"column":6},"end":{"line":123,"column":null}},{"start":{},"end":{}}],"line":118}},"s":{"0":1,"1":8,"2":0,"3":8,"4":8,"5":0,"6":8,"7":8,"8":13,"9":13,"10":13,"11":13,"12":5,"13":5,"14":10,"15":5,"16":7,"17":7,"18":7,"19":5,"20":4,"21":4,"22":1,"23":1,"24":1,"25":2,"26":2,"27":2,"28":2,"29":1,"30":3,"31":4,"32":4,"33":4,"34":4,"35":0,"36":4,"37":4,"38":4,"39":46,"40":46,"41":7,"42":14,"43":7,"44":2,"45":39,"46":11,"47":46,"48":4,"49":0,"50":0,"51":0,"52":0,"53":0,"54":0,"55":0,"56":0,"57":0,"58":0,"59":0,"60":0,"61":0,"62":0,"63":0,"64":0,"65":0},"f":{"0":8,"1":13,"2":5,"3":10,"4":7,"5":7,"6":7,"7":4,"8":2,"9":2,"10":4,"11":14,"12":2,"13":0,"14":0,"15":0},"b":{"0":[0,8],"1":[8,0],"2":[0,8],"3":[5],"4":[5],"5":[5,0],"6":[5],"7":[5],"8":[4,0],"9":[1,3],"10":[0,4],"11":[4,4,4,4],"12":[7,39],"13":[11,28],"14":[0],"15":[0],"16":[0,0],"17":[0,0],"18":[0,0],"19":[0,0],"20":[0,0]},"meta":{"lastBranch":21,"lastFunction":16,"lastStatement":66,"seen":{"s:1:19:9:Infinity":0,"f:11:9:11:21":0,"b:12:2:13:Infinity:undefined:undefined:undefined:undefined":0,"s:12:2:13:Infinity":1,"s:13:4:13:Infinity":2,"s:16:16:16:69":3,"b:16:23:16:32:16:32:16:35":1,"b:17:2:17:Infinity:undefined:undefined:undefined:undefined":2,"s:17:2:17:Infinity":4,"s:17:14:17:Infinity":5,"s:19:31:19:Infinity":6,"s:20:2:20:Infinity":7,"f:23:9:23:21":1,"s:24:15:24:33":8,"s:25:16:25:60":9,"s:26:14:26:53":10,"s:27:2:27:Infinity":11,"f:30:9:30:33":2,"s:31:41:31:74":12,"b:31:20:31:24":3,"b:31:35:31:41":4,"b:31:48:31:60:31:60:31:63":5,"s:32:51:32:99":13,"b:32:21:32:30":6,"b:32:40:32:51":7,"f:32:71:32:76":3,"s:32:86:32:98":14,"s:33:15:37:39":15,"f:35:5:35:10":4,"s:35:18:35:42":16,"f:36:5:36:10":5,"s:36:18:36:34":17,"f:37:5:37:13":6,"s:37:21:37:39":18,"s:39:2:39:Infinity":19,"f:42:16:42:35":7,"s:43:16:43:49":20,"b:43:23:43:35:43:35:43:38":8,"b:44:2:54:Infinity:undefined:undefined:undefined:undefined":9,"s:44:2:54:Infinity":21,"s:45:17:45:19":22,"s:46:22:46:24":23,"s:47:4:53:Infinity":24,"f:47:10:47:19":8,"s:48:25:48:61":25,"s:49:6:52:Infinity":26,"f:49:22:49:31":9,"s:50:8:50:Infinity":27,"s:51:8:51:Infinity":28,"s:54:4:54:Infinity":29,"s:56:2:56:Infinity":30,"f:59:16:59:48":10,"s:60:17:60:45":31,"s:61:21:61:43":32,"s:62:19:62:39":33,"b:64:2:65:Infinity:undefined:undefined:undefined:undefined":10,"s:64:2:65:Infinity":34,"b:64:6:64:21:64:21:64:34:64:34:64:59:64:59:64:80":11,"s:65:4:65:Infinity":35,"s:68:19:68:21":36,"s:69:17:69:37":37,"s:71:2:91:Infinity":38,"s:72:23:72:38":39,"b:73:4:88:Infinity:82:11:88:Infinity":12,"s:73:4:88:Infinity":40,"s:74:20:74:72":41,"f:74:37:74:45":11,"s:74:51:74:72":42,"s:75:6:81:Infinity":43,"f:75:12:75:21":12,"s:76:8:80:Infinity":44,"b:83:6:88:Infinity:undefined:undefined:undefined:undefined":13,"s:83:6:88:Infinity":45,"s:84:8:88:Infinity":46,"s:91:4:91:Infinity":47,"s:94:2:94:Infinity":48,"f:97:16:97:41":13,"b:97:59:97:62":14,"b:97:73:97:83":15,"s:98:17:98:45":49,"s:99:15:99:69":50,"b:99:36:99:50:99:50:99:69":16,"s:100:19:100:21":51,"s:101:17:101:52":52,"b:101:17:101:38:101:42:101:52":17,"s:102:2:102:Infinity":53,"s:104:2:126:Infinity":54,"s:105:23:105:38":55,"b:106:4:123:Infinity:117:11:123:Infinity":18,"s:106:4:123:Infinity":56,"s:107:20:107:72":57,"f:107:37:107:45":14,"s:107:51:107:72":58,"s:108:6:116:Infinity":59,"f:108:12:108:21":15,"b:109:8:114:Infinity:undefined:undefined:undefined:undefined":19,"s:109:8:114:Infinity":60,"s:110:10:114:Infinity":61,"b:118:6:123:Infinity:undefined:undefined:undefined:undefined":20,"s:118:6:123:Infinity":62,"s:119:8:123:Infinity":63,"s:126:4:126:Infinity":64,"s:129:2:129:Infinity":65},"fnNames":{}}}
,"C:\\Users\\ADMIN\\Desktop\\CODES\\Gymster\\frontend\\src\\services\\workoutSessionConflict.js": {"path":"C:\\Users\\ADMIN\\Desktop\\CODES\\Gymster\\frontend\\src\\services\\workoutSessionConflict.js","statementMap":{"0":{"start":{"line":2,"column":27},"end":{"line":2,"column":81}},"1":{"start":{"line":3,"column":2},"end":{"line":3,"column":null}},"2":{"start":{"line":3,"column":60},"end":{"line":3,"column":null}},"3":{"start":{"line":4,"column":2},"end":{"line":4,"column":null}},"4":{"start":{"line":8,"column":25},"end":{"line":8,"column":62}},"5":{"start":{"line":9,"column":23},"end":{"line":9,"column":58}},"6":{"start":{"line":10,"column":2},"end":{"line":10,"column":null}},"7":{"start":{"line":10,"column":90},"end":{"line":10,"column":null}},"8":{"start":{"line":12,"column":2},"end":{"line":20,"column":null}},"9":{"start":{"line":13,"column":4},"end":{"line":13,"column":null}},"10":{"start":{"line":13,"column":78},"end":{"line":13,"column":null}},"11":{"start":{"line":14,"column":4},"end":{"line":14,"column":null}},"12":{"start":{"line":14,"column":74},"end":{"line":14,"column":null}},"13":{"start":{"line":15,"column":4},"end":{"line":15,"column":null}},"14":{"start":{"line":15,"column":90},"end":{"line":15,"column":null}},"15":{"start":{"line":17,"column":25},"end":{"line":17,"column":59}},"16":{"start":{"line":18,"column":23},"end":{"line":18,"column":55}},"17":{"start":{"line":19,"column":4},"end":{"line":19,"column":null}},"18":{"start":{"line":24,"column":2},"end":{"line":24,"column":null}},"19":{"start":{"line":24,"column":28},"end":{"line":24,"column":null}},"20":{"start":{"line":25,"column":29},"end":{"line":25,"column":59}},"21":{"start":{"line":26,"column":27},"end":{"line":26,"column":69}},"22":{"start":{"line":27,"column":2},"end":{"line":27,"column":null}},"23":{"start":{"line":27,"column":83},"end":{"line":27,"column":null}},"24":{"start":{"line":29,"column":8},"end":{"line":29,"column":47}},"25":{"start":{"line":29,"column":21},"end":{"line":29,"column":47}},"26":{"start":{"line":30,"column":17},"end":{"line":30,"column":null}},"27":{"start":{"line":31,"column":18},"end":{"line":31,"column":34}},"28":{"start":{"line":32,"column":2},"end":{"line":32,"column":null}},"29":{"start":{"line":32,"column":32},"end":{"line":32,"column":null}},"30":{"start":{"line":33,"column":2},"end":{"line":33,"column":null}},"31":{"start":{"line":37,"column":22},"end":{"line":37,"column":59}},"32":{"start":{"line":38,"column":2},"end":{"line":38,"column":null}},"33":{"start":{"line":38,"column":20},"end":{"line":38,"column":null}},"34":{"start":{"line":39,"column":14},"end":{"line":39,"column":24}},"35":{"start":{"line":40,"column":8},"end":{"line":40,"column":null}},"36":{"start":{"line":41,"column":2},"end":{"line":41,"column":null}},"37":{"start":{"line":45,"column":2},"end":{"line":45,"column":null}},"38":{"start":{"line":45,"column":16},"end":{"line":45,"column":null}},"39":{"start":{"line":46,"column":26},"end":{"line":46,"column":null}},"40":{"start":{"line":47,"column":2},"end":{"line":47,"column":null}},"41":{"start":{"line":47,"column":24},"end":{"line":47,"column":null}},"42":{"start":{"line":49,"column":16},"end":{"line":49,"column":49}},"43":{"start":{"line":50,"column":2},"end":{"line":50,"column":null}},"44":{"start":{"line":50,"column":24},"end":{"line":50,"column":null}},"45":{"start":{"line":51,"column":18},"end":{"line":51,"column":null}},"46":{"start":{"line":52,"column":18},"end":{"line":52,"column":null}},"47":{"start":{"line":54,"column":22},"end":{"line":54,"column":59}},"48":{"start":{"line":55,"column":2},"end":{"line":55,"column":null}},"49":{"start":{"line":55,"column":20},"end":{"line":55,"column":null}},"50":{"start":{"line":57,"column":23},"end":{"line":57,"column":90}},"51":{"start":{"line":58,"column":22},"end":{"line":58,"column":44}},"52":{"start":{"line":60,"column":8},"end":{"line":60,"column":null}},"53":{"start":{"line":61,"column":2},"end":{"line":61,"column":null}}},"fnMap":{"0":{"name":"minutesFromTime","decl":{"start":{"line":1,"column":9},"end":{"line":1,"column":25}},"loc":{"start":{"line":1,"column":32},"end":{"line":4,"column":null}},"line":1},"1":{"name":"findConflictingPtSession","decl":{"start":{"line":7,"column":16},"end":{"line":7,"column":41}},"loc":{"start":{"line":7,"column":67},"end":{"line":20,"column":null}},"line":7},"2":{"name":"(anonymous_2)","decl":{"start":{"line":12,"column":18},"end":{"line":12,"column":24}},"loc":{"start":{"line":12,"column":36},"end":{"line":20,"column":8}},"line":12},"3":{"name":"parseDateTimeAsGmt7","decl":{"start":{"line":23,"column":16},"end":{"line":23,"column":36}},"loc":{"start":{"line":23,"column":54},"end":{"line":33,"column":null}},"line":23},"4":{"name":"(anonymous_4)","decl":{"start":{"line":29,"column":8},"end":{"line":29,"column":15}},"loc":{"start":{"line":29,"column":21},"end":{"line":29,"column":47}},"line":29},"5":{"name":"isSessionBefore2Hours","decl":{"start":{"line":36,"column":16},"end":{"line":36,"column":38}},"loc":{"start":{"line":36,"column":56},"end":{"line":41,"column":null}},"line":36},"6":{"name":"isRequestBefore2Hours","decl":{"start":{"line":44,"column":16},"end":{"line":44,"column":38}},"loc":{"start":{"line":44,"column":47},"end":{"line":61,"column":null}},"line":44}},"branchMap":{"0":{"loc":{"start":{"line":2,"column":34},"end":{"line":2,"column":46}},"type":"binary-expr","locations":[{"start":{"line":2,"column":34},"end":{"line":2,"column":43}},{"start":{"line":2,"column":43},"end":{"line":2,"column":46}}],"line":2},"1":{"loc":{"start":{"line":3,"column":2},"end":{"line":3,"column":null}},"type":"if","locations":[{"start":{"line":3,"column":2},"end":{"line":3,"column":null}},{"start":{},"end":{}}],"line":3},"2":{"loc":{"start":{"line":3,"column":6},"end":{"line":3,"column":58}},"type":"binary-expr","locations":[{"start":{"line":3,"column":6},"end":{"line":3,"column":29}},{"start":{"line":3,"column":33},"end":{"line":3,"column":58}}],"line":3},"3":{"loc":{"start":{"line":7,"column":52},"end":{"line":7,"column":65}},"type":"default-arg","locations":[{"start":{"line":7,"column":63},"end":{"line":7,"column":65}}],"line":7},"4":{"loc":{"start":{"line":10,"column":2},"end":{"line":10,"column":null}},"type":"if","locations":[{"start":{"line":10,"column":2},"end":{"line":10,"column":null}},{"start":{},"end":{}}],"line":10},"5":{"loc":{"start":{"line":10,"column":6},"end":{"line":10,"column":90}},"type":"binary-expr","locations":[{"start":{"line":10,"column":6},"end":{"line":10,"column":33}},{"start":{"line":10,"column":33},"end":{"line":10,"column":58}},{"start":{"line":10,"column":58},"end":{"line":10,"column":90}}],"line":10},"6":{"loc":{"start":{"line":12,"column":9},"end":{"line":20,"column":null}},"type":"binary-expr","locations":[{"start":{"line":12,"column":9},"end":{"line":20,"column":8}},{"start":{"line":20,"column":8},"end":{"line":20,"column":null}}],"line":12},"7":{"loc":{"start":{"line":13,"column":4},"end":{"line":13,"column":null}},"type":"if","locations":[{"start":{"line":13,"column":4},"end":{"line":13,"column":null}},{"start":{},"end":{}}],"line":13},"8":{"loc":{"start":{"line":13,"column":8},"end":{"line":13,"column":78}},"type":"binary-expr","locations":[{"start":{"line":13,"column":8},"end":{"line":13,"column":31}},{"start":{"line":13,"column":31},"end":{"line":13,"column":78}}],"line":13},"9":{"loc":{"start":{"line":14,"column":4},"end":{"line":14,"column":null}},"type":"if","locations":[{"start":{"line":14,"column":4},"end":{"line":14,"column":null}},{"start":{},"end":{}}],"line":14},"10":{"loc":{"start":{"line":14,"column":8},"end":{"line":14,"column":74}},"type":"binary-expr","locations":[{"start":{"line":14,"column":8},"end":{"line":14,"column":31}},{"start":{"line":14,"column":31},"end":{"line":14,"column":74}}],"line":14},"11":{"loc":{"start":{"line":15,"column":4},"end":{"line":15,"column":null}},"type":"if","locations":[{"start":{"line":15,"column":4},"end":{"line":15,"column":null}},{"start":{},"end":{}}],"line":15},"12":{"loc":{"start":{"line":15,"column":52},"end":{"line":15,"column":73}},"type":"binary-expr","locations":[{"start":{"line":15,"column":52},"end":{"line":15,"column":70}},{"start":{"line":15,"column":70},"end":{"line":15,"column":73}}],"line":15},"13":{"loc":{"start":{"line":19,"column":11},"end":{"line":19,"column":null}},"type":"binary-expr","locations":[{"start":{"line":19,"column":11},"end":{"line":19,"column":36}},{"start":{"line":19,"column":36},"end":{"line":19,"column":59}},{"start":{"line":19,"column":59},"end":{"line":19,"column":90}},{"start":{"line":19,"column":90},"end":{"line":19,"column":null}}],"line":19},"14":{"loc":{"start":{"line":24,"column":2},"end":{"line":24,"column":null}},"type":"if","locations":[{"start":{"line":24,"column":2},"end":{"line":24,"column":null}},{"start":{},"end":{}}],"line":24},"15":{"loc":{"start":{"line":24,"column":6},"end":{"line":24,"column":28}},"type":"binary-expr","locations":[{"start":{"line":24,"column":6},"end":{"line":24,"column":18}},{"start":{"line":24,"column":18},"end":{"line":24,"column":28}}],"line":24},"16":{"loc":{"start":{"line":27,"column":2},"end":{"line":27,"column":null}},"type":"if","locations":[{"start":{"line":27,"column":2},"end":{"line":27,"column":null}},{"start":{},"end":{}}],"line":27},"17":{"loc":{"start":{"line":27,"column":6},"end":{"line":27,"column":81}},"type":"binary-expr","locations":[{"start":{"line":27,"column":6},"end":{"line":27,"column":17}},{"start":{"line":27,"column":21},"end":{"line":27,"column":33}},{"start":{"line":27,"column":37},"end":{"line":27,"column":47}},{"start":{"line":27,"column":51},"end":{"line":27,"column":63}},{"start":{"line":27,"column":67},"end":{"line":27,"column":81}}],"line":27},"18":{"loc":{"start":{"line":32,"column":2},"end":{"line":32,"column":null}},"type":"if","locations":[{"start":{"line":32,"column":2},"end":{"line":32,"column":null}},{"start":{},"end":{}}],"line":32},"19":{"loc":{"start":{"line":38,"column":2},"end":{"line":38,"column":null}},"type":"if","locations":[{"start":{"line":38,"column":2},"end":{"line":38,"column":null}},{"start":{},"end":{}}],"line":38},"20":{"loc":{"start":{"line":45,"column":2},"end":{"line":45,"column":null}},"type":"if","locations":[{"start":{"line":45,"column":2},"end":{"line":45,"column":null}},{"start":{},"end":{}}],"line":45},"21":{"loc":{"start":{"line":46,"column":26},"end":{"line":46,"column":null}},"type":"binary-expr","locations":[{"start":{"line":46,"column":26},"end":{"line":46,"column":53}},{"start":{"line":46,"column":53},"end":{"line":46,"column":null}}],"line":46},"22":{"loc":{"start":{"line":47,"column":2},"end":{"line":47,"column":null}},"type":"if","locations":[{"start":{"line":47,"column":2},"end":{"line":47,"column":null}},{"start":{},"end":{}}],"line":47},"23":{"loc":{"start":{"line":50,"column":2},"end":{"line":50,"column":null}},"type":"if","locations":[{"start":{"line":50,"column":2},"end":{"line":50,"column":null}},{"start":{},"end":{}}],"line":50},"24":{"loc":{"start":{"line":55,"column":2},"end":{"line":55,"column":null}},"type":"if","locations":[{"start":{"line":55,"column":2},"end":{"line":55,"column":null}},{"start":{},"end":{}}],"line":55},"25":{"loc":{"start":{"line":57,"column":23},"end":{"line":57,"column":90}},"type":"binary-expr","locations":[{"start":{"line":57,"column":23},"end":{"line":57,"column":44}},{"start":{"line":57,"column":44},"end":{"line":57,"column":66}},{"start":{"line":57,"column":66},"end":{"line":57,"column":90}}],"line":57}},"s":{"0":10,"1":10,"2":0,"3":10,"4":3,"5":3,"6":3,"7":0,"8":3,"9":3,"10":0,"11":3,"12":1,"13":2,"14":0,"15":2,"16":2,"17":2,"18":3,"19":0,"20":3,"21":3,"22":3,"23":0,"24":3,"25":12,"26":3,"27":3,"28":3,"29":0,"30":3,"31":2,"32":2,"33":0,"34":2,"35":2,"36":2,"37":0,"38":0,"39":0,"40":0,"41":0,"42":0,"43":0,"44":0,"45":0,"46":0,"47":0,"48":0,"49":0,"50":0,"51":0,"52":0,"53":0},"f":{"0":10,"1":3,"2":3,"3":3,"4":12,"5":2,"6":0},"b":{"0":[10,0],"1":[0,10],"2":[10,10],"3":[3],"4":[0,3],"5":[3,3,3],"6":[3,1],"7":[0,3],"8":[3,3],"9":[1,2],"10":[3,2],"11":[0,2],"12":[2,0],"13":[2,2,2,2],"14":[0,3],"15":[3,3],"16":[0,3],"17":[3,3,3,3,3],"18":[0,3],"19":[0,2],"20":[0,0],"21":[0,0],"22":[0,0],"23":[0,0],"24":[0,0],"25":[0,0,0]},"meta":{"lastBranch":26,"lastFunction":7,"lastStatement":54,"seen":{"f:1:9:1:25":0,"s:2:27:2:81":0,"b:2:34:2:43:2:43:2:46":0,"b:3:2:3:Infinity:undefined:undefined:undefined:undefined":1,"s:3:2:3:Infinity":1,"b:3:6:3:29:3:33:3:58":2,"s:3:60:3:Infinity":2,"s:4:2:4:Infinity":3,"f:7:16:7:41":1,"b:7:63:7:65":3,"s:8:25:8:62":4,"s:9:23:9:58":5,"b:10:2:10:Infinity:undefined:undefined:undefined:undefined":4,"s:10:2:10:Infinity":6,"b:10:6:10:33:10:33:10:58:10:58:10:90":5,"s:10:90:10:Infinity":7,"s:12:2:20:Infinity":8,"b:12:9:20:8:20:8:20:Infinity":6,"f:12:18:12:24":2,"b:13:4:13:Infinity:undefined:undefined:undefined:undefined":7,"s:13:4:13:Infinity":9,"b:13:8:13:31:13:31:13:78":8,"s:13:78:13:Infinity":10,"b:14:4:14:Infinity:undefined:undefined:undefined:undefined":9,"s:14:4:14:Infinity":11,"b:14:8:14:31:14:31:14:74":10,"s:14:74:14:Infinity":12,"b:15:4:15:Infinity:undefined:undefined:undefined:undefined":11,"s:15:4:15:Infinity":13,"b:15:52:15:70:15:70:15:73":12,"s:15:90:15:Infinity":14,"s:17:25:17:59":15,"s:18:23:18:55":16,"s:19:4:19:Infinity":17,"b:19:11:19:36:19:36:19:59:19:59:19:90:19:90:19:Infinity":13,"f:23:16:23:36":3,"b:24:2:24:Infinity:undefined:undefined:undefined:undefined":14,"s:24:2:24:Infinity":18,"b:24:6:24:18:24:18:24:28":15,"s:24:28:24:Infinity":19,"s:25:29:25:59":20,"s:26:27:26:69":21,"b:27:2:27:Infinity:undefined:undefined:undefined:undefined":16,"s:27:2:27:Infinity":22,"b:27:6:27:17:27:21:27:33:27:37:27:47:27:51:27:63:27:67:27:81":17,"s:27:83:27:Infinity":23,"s:29:8:29:47":24,"f:29:8:29:15":4,"s:29:21:29:47":25,"s:30:17:30:Infinity":26,"s:31:18:31:34":27,"b:32:2:32:Infinity:undefined:undefined:undefined:undefined":18,"s:32:2:32:Infinity":28,"s:32:32:32:Infinity":29,"s:33:2:33:Infinity":30,"f:36:16:36:38":5,"s:37:22:37:59":31,"b:38:2:38:Infinity:undefined:undefined:undefined:undefined":19,"s:38:2:38:Infinity":32,"s:38:20:38:Infinity":33,"s:39:14:39:24":34,"s:40:8:40:Infinity":35,"s:41:2:41:Infinity":36,"f:44:16:44:38":6,"b:45:2:45:Infinity:undefined:undefined:undefined:undefined":20,"s:45:2:45:Infinity":37,"s:45:16:45:Infinity":38,"s:46:26:46:Infinity":39,"b:46:26:46:53:46:53:46:Infinity":21,"b:47:2:47:Infinity:undefined:undefined:undefined:undefined":22,"s:47:2:47:Infinity":40,"s:47:24:47:Infinity":41,"s:49:16:49:49":42,"b:50:2:50:Infinity:undefined:undefined:undefined:undefined":23,"s:50:2:50:Infinity":43,"s:50:24:50:Infinity":44,"s:51:18:51:Infinity":45,"s:52:18:52:Infinity":46,"s:54:22:54:59":47,"b:55:2:55:Infinity:undefined:undefined:undefined:undefined":24,"s:55:2:55:Infinity":48,"s:55:20:55:Infinity":49,"s:57:23:57:90":50,"b:57:23:57:44:57:44:57:66:57:66:57:90":25,"s:58:22:58:44":51,"s:60:8:60:Infinity":52,"s:61:2:61:Infinity":53},"fnNames":{}}}
}
