{"C:\\Users\\ADMIN\\Desktop\\CODES\\Gymster\\backend\\server.js": {"path":"C:\\Users\\ADMIN\\Desktop\\CODES\\Gymster\\backend\\server.js","statementMap":{"0":{"start":{"line":21,"column":18},"end":{"line":21,"column":null}},"1":{"start":{"line":22,"column":0},"end":{"line":22,"column":null}},"2":{"start":{"line":24,"column":13},"end":{"line":24,"column":null}},"3":{"start":{"line":25,"column":23},"end":{"line":25,"column":null}},"4":{"start":{"line":28,"column":2},"end":{"line":30,"column":null}},"5":{"start":{"line":31,"column":2},"end":{"line":31,"column":null}},"6":{"start":{"line":35,"column":2},"end":{"line":60,"column":null}},"7":{"start":{"line":36,"column":15},"end":{"line":36,"column":null}},"8":{"start":{"line":38,"column":4},"end":{"line":44,"column":null}},"9":{"start":{"line":39,"column":6},"end":{"line":39,"column":null}},"10":{"start":{"line":40,"column":6},"end":{"line":43,"column":null}},"11":{"start":{"line":41,"column":8},"end":{"line":41,"column":null}},"12":{"start":{"line":42,"column":8},"end":{"line":42,"column":null}},"13":{"start":{"line":46,"column":4},"end":{"line":57,"column":null}},"14":{"start":{"line":47,"column":6},"end":{"line":50,"column":null}},"15":{"start":{"line":48,"column":8},"end":{"line":48,"column":null}},"16":{"start":{"line":49,"column":8},"end":{"line":49,"column":null}},"17":{"start":{"line":52,"column":6},"end":{"line":56,"column":null}},"18":{"start":{"line":53,"column":8},"end":{"line":53,"column":null}},"19":{"start":{"line":55,"column":8},"end":{"line":55,"column":null}},"20":{"start":{"line":59,"column":4},"end":{"line":59,"column":null}},"21":{"start":{"line":64,"column":2},"end":{"line":69,"column":null}},"22":{"start":{"line":65,"column":4},"end":{"line":67,"column":null}},"23":{"start":{"line":68,"column":4},"end":{"line":68,"column":null}},"24":{"start":{"line":72,"column":2},"end":{"line":77,"column":null}},"25":{"start":{"line":73,"column":4},"end":{"line":73,"column":null}},"26":{"start":{"line":75,"column":4},"end":{"line":75,"column":null}},"27":{"start":{"line":76,"column":4},"end":{"line":76,"column":null}},"28":{"start":{"line":79,"column":17},"end":{"line":79,"column":null}},"29":{"start":{"line":80,"column":2},"end":{"line":83,"column":null}},"30":{"start":{"line":81,"column":4},"end":{"line":81,"column":null}},"31":{"start":{"line":82,"column":4},"end":{"line":82,"column":null}},"32":{"start":{"line":85,"column":2},"end":{"line":100,"column":null}},"33":{"start":{"line":86,"column":17},"end":{"line":91,"column":null}},"34":{"start":{"line":93,"column":4},"end":{"line":93,"column":null}},"35":{"start":{"line":95,"column":4},"end":{"line":95,"column":null}},"36":{"start":{"line":96,"column":4},"end":{"line":99,"column":null}},"37":{"start":{"line":104,"column":2},"end":{"line":109,"column":null}},"38":{"start":{"line":105,"column":4},"end":{"line":107,"column":null}},"39":{"start":{"line":108,"column":4},"end":{"line":108,"column":null}},"40":{"start":{"line":112,"column":2},"end":{"line":117,"column":null}},"41":{"start":{"line":113,"column":4},"end":{"line":113,"column":null}},"42":{"start":{"line":115,"column":4},"end":{"line":115,"column":null}},"43":{"start":{"line":116,"column":4},"end":{"line":116,"column":null}},"44":{"start":{"line":119,"column":18},"end":{"line":119,"column":null}},"45":{"start":{"line":120,"column":2},"end":{"line":123,"column":null}},"46":{"start":{"line":121,"column":4},"end":{"line":121,"column":null}},"47":{"start":{"line":122,"column":4},"end":{"line":122,"column":null}},"48":{"start":{"line":125,"column":2},"end":{"line":139,"column":null}},"49":{"start":{"line":126,"column":17},"end":{"line":130,"column":null}},"50":{"start":{"line":131,"column":4},"end":{"line":131,"column":null}},"51":{"start":{"line":133,"column":4},"end":{"line":133,"column":null}},"52":{"start":{"line":134,"column":4},"end":{"line":138,"column":null}},"53":{"start":{"line":143,"column":2},"end":{"line":150,"column":null}},"54":{"start":{"line":144,"column":4},"end":{"line":148,"column":null}},"55":{"start":{"line":149,"column":4},"end":{"line":149,"column":null}},"56":{"start":{"line":153,"column":2},"end":{"line":158,"column":null}},"57":{"start":{"line":154,"column":4},"end":{"line":154,"column":null}},"58":{"start":{"line":156,"column":4},"end":{"line":156,"column":null}},"59":{"start":{"line":157,"column":4},"end":{"line":157,"column":null}},"60":{"start":{"line":160,"column":18},"end":{"line":160,"column":null}},"61":{"start":{"line":161,"column":2},"end":{"line":164,"column":null}},"62":{"start":{"line":162,"column":4},"end":{"line":162,"column":null}},"63":{"start":{"line":163,"column":4},"end":{"line":163,"column":null}},"64":{"start":{"line":166,"column":2},"end":{"line":181,"column":null}},"65":{"start":{"line":167,"column":17},"end":{"line":171,"column":null}},"66":{"start":{"line":172,"column":4},"end":{"line":172,"column":null}},"67":{"start":{"line":174,"column":4},"end":{"line":174,"column":null}},"68":{"start":{"line":175,"column":4},"end":{"line":180,"column":null}},"69":{"start":{"line":184,"column":15},"end":{"line":320,"column":null}},"70":{"start":{"line":185,"column":14},"end":{"line":185,"column":null}},"71":{"start":{"line":187,"column":2},"end":{"line":190,"column":null}},"72":{"start":{"line":188,"column":4},"end":{"line":188,"column":null}},"73":{"start":{"line":189,"column":4},"end":{"line":189,"column":null}},"74":{"start":{"line":192,"column":2},"end":{"line":195,"column":null}},"75":{"start":{"line":193,"column":4},"end":{"line":193,"column":null}},"76":{"start":{"line":194,"column":4},"end":{"line":194,"column":null}},"77":{"start":{"line":197,"column":2},"end":{"line":200,"column":null}},"78":{"start":{"line":198,"column":4},"end":{"line":198,"column":null}},"79":{"start":{"line":199,"column":4},"end":{"line":199,"column":null}},"80":{"start":{"line":202,"column":2},"end":{"line":205,"column":null}},"81":{"start":{"line":203,"column":4},"end":{"line":203,"column":null}},"82":{"start":{"line":204,"column":4},"end":{"line":204,"column":null}},"83":{"start":{"line":207,"column":2},"end":{"line":219,"column":null}},"84":{"start":{"line":209,"column":4},"end":{"line":214,"column":null}},"85":{"start":{"line":210,"column":6},"end":{"line":210,"column":null}},"86":{"start":{"line":212,"column":6},"end":{"line":212,"column":null}},"87":{"start":{"line":213,"column":6},"end":{"line":213,"column":null}},"88":{"start":{"line":216,"column":19},"end":{"line":216,"column":null}},"89":{"start":{"line":217,"column":4},"end":{"line":217,"column":null}},"90":{"start":{"line":218,"column":4},"end":{"line":218,"column":null}},"91":{"start":{"line":221,"column":2},"end":{"line":233,"column":null}},"92":{"start":{"line":223,"column":4},"end":{"line":228,"column":null}},"93":{"start":{"line":224,"column":6},"end":{"line":224,"column":null}},"94":{"start":{"line":226,"column":6},"end":{"line":226,"column":null}},"95":{"start":{"line":227,"column":6},"end":{"line":227,"column":null}},"96":{"start":{"line":230,"column":19},"end":{"line":230,"column":null}},"97":{"start":{"line":231,"column":4},"end":{"line":231,"column":null}},"98":{"start":{"line":232,"column":4},"end":{"line":232,"column":null}},"99":{"start":{"line":235,"column":2},"end":{"line":247,"column":null}},"100":{"start":{"line":237,"column":4},"end":{"line":242,"column":null}},"101":{"start":{"line":238,"column":6},"end":{"line":238,"column":null}},"102":{"start":{"line":240,"column":6},"end":{"line":240,"column":null}},"103":{"start":{"line":241,"column":6},"end":{"line":241,"column":null}},"104":{"start":{"line":244,"column":19},"end":{"line":244,"column":null}},"105":{"start":{"line":245,"column":4},"end":{"line":245,"column":null}},"106":{"start":{"line":246,"column":4},"end":{"line":246,"column":null}},"107":{"start":{"line":249,"column":2},"end":{"line":261,"column":null}},"108":{"start":{"line":251,"column":4},"end":{"line":256,"column":null}},"109":{"start":{"line":252,"column":6},"end":{"line":252,"column":null}},"110":{"start":{"line":254,"column":6},"end":{"line":254,"column":null}},"111":{"start":{"line":255,"column":6},"end":{"line":255,"column":null}},"112":{"start":{"line":258,"column":19},"end":{"line":258,"column":null}},"113":{"start":{"line":259,"column":4},"end":{"line":259,"column":null}},"114":{"start":{"line":260,"column":4},"end":{"line":260,"column":null}},"115":{"start":{"line":263,"column":2},"end":{"line":275,"column":null}},"116":{"start":{"line":265,"column":4},"end":{"line":270,"column":null}},"117":{"start":{"line":266,"column":6},"end":{"line":266,"column":null}},"118":{"start":{"line":268,"column":6},"end":{"line":268,"column":null}},"119":{"start":{"line":269,"column":6},"end":{"line":269,"column":null}},"120":{"start":{"line":272,"column":19},"end":{"line":272,"column":null}},"121":{"start":{"line":273,"column":4},"end":{"line":273,"column":null}},"122":{"start":{"line":274,"column":4},"end":{"line":274,"column":null}},"123":{"start":{"line":277,"column":2},"end":{"line":289,"column":null}},"124":{"start":{"line":279,"column":4},"end":{"line":284,"column":null}},"125":{"start":{"line":280,"column":6},"end":{"line":280,"column":null}},"126":{"start":{"line":282,"column":6},"end":{"line":282,"column":null}},"127":{"start":{"line":283,"column":6},"end":{"line":283,"column":null}},"128":{"start":{"line":286,"column":19},"end":{"line":286,"column":null}},"129":{"start":{"line":287,"column":4},"end":{"line":287,"column":null}},"130":{"start":{"line":288,"column":4},"end":{"line":288,"column":null}},"131":{"start":{"line":291,"column":2},"end":{"line":303,"column":null}},"132":{"start":{"line":293,"column":4},"end":{"line":298,"column":null}},"133":{"start":{"line":294,"column":6},"end":{"line":294,"column":null}},"134":{"start":{"line":296,"column":6},"end":{"line":296,"column":null}},"135":{"start":{"line":297,"column":6},"end":{"line":297,"column":null}},"136":{"start":{"line":300,"column":19},"end":{"line":300,"column":null}},"137":{"start":{"line":301,"column":4},"end":{"line":301,"column":null}},"138":{"start":{"line":302,"column":4},"end":{"line":302,"column":null}},"139":{"start":{"line":305,"column":2},"end":{"line":317,"column":null}},"140":{"start":{"line":307,"column":4},"end":{"line":312,"column":null}},"141":{"start":{"line":308,"column":6},"end":{"line":308,"column":null}},"142":{"start":{"line":310,"column":6},"end":{"line":310,"column":null}},"143":{"start":{"line":311,"column":6},"end":{"line":311,"column":null}},"144":{"start":{"line":314,"column":19},"end":{"line":314,"column":null}},"145":{"start":{"line":315,"column":4},"end":{"line":315,"column":null}},"146":{"start":{"line":316,"column":4},"end":{"line":316,"column":null}},"147":{"start":{"line":319,"column":2},"end":{"line":319,"column":null}},"148":{"start":{"line":322,"column":0},"end":{"line":326,"column":null}},"149":{"start":{"line":323,"column":2},"end":{"line":325,"column":null}},"150":{"start":{"line":324,"column":4},"end":{"line":324,"column":null}}},"fnMap":{"0":{"name":"sendJson","decl":{"start":{"line":27,"column":9},"end":{"line":27,"column":18}},"loc":{"start":{"line":27,"column":49},"end":{"line":32,"column":null}},"line":27},"1":{"name":"readJsonBody","decl":{"start":{"line":34,"column":9},"end":{"line":34,"column":22}},"loc":{"start":{"line":34,"column":31},"end":{"line":61,"column":null}},"line":34},"2":{"name":"(anonymous_2)","decl":{"start":{"line":35,"column":13},"end":{"line":35,"column":22}},"loc":{"start":{"line":35,"column":42},"end":{"line":60,"column":3}},"line":35},"3":{"name":"(anonymous_3)","decl":{"start":{"line":38,"column":15},"end":{"line":38,"column":24}},"loc":{"start":{"line":38,"column":34},"end":{"line":44,"column":5}},"line":38},"4":{"name":"(anonymous_4)","decl":{"start":{"line":46,"column":15},"end":{"line":46,"column":28}},"loc":{"start":{"line":46,"column":28},"end":{"line":57,"column":5}},"line":46},"5":{"name":"handleClaudeMessage","decl":{"start":{"line":63,"column":15},"end":{"line":63,"column":35}},"loc":{"start":{"line":63,"column":54},"end":{"line":101,"column":null}},"line":63},"6":{"name":"handleAiChatRequest","decl":{"start":{"line":103,"column":15},"end":{"line":103,"column":35}},"loc":{"start":{"line":103,"column":54},"end":{"line":140,"column":null}},"line":103},"7":{"name":"handleStaffAiChatRequest","decl":{"start":{"line":142,"column":15},"end":{"line":142,"column":40}},"loc":{"start":{"line":142,"column":59},"end":{"line":182,"column":null}},"line":142},"8":{"name":"(anonymous_8)","decl":{"start":{"line":184,"column":33},"end":{"line":184,"column":40}},"loc":{"start":{"line":184,"column":62},"end":{"line":320,"column":1}},"line":184},"9":{"name":"(anonymous_9)","decl":{"start":{"line":323,"column":16},"end":{"line":323,"column":28}},"loc":{"start":{"line":323,"column":28},"end":{"line":325,"column":3}},"line":323}},"branchMap":{"0":{"loc":{"start":{"line":24,"column":20},"end":{"line":24,"column":44}},"type":"binary-expr","locations":[{"start":{"line":24,"column":20},"end":{"line":24,"column":40}},{"start":{"line":24,"column":40},"end":{"line":24,"column":44}}],"line":24},"1":{"loc":{"start":{"line":40,"column":6},"end":{"line":43,"column":null}},"type":"if","locations":[{"start":{"line":40,"column":6},"end":{"line":43,"column":null}},{"start":{},"end":{}}],"line":40},"2":{"loc":{"start":{"line":47,"column":6},"end":{"line":50,"column":null}},"type":"if","locations":[{"start":{"line":47,"column":6},"end":{"line":50,"column":null}},{"start":{},"end":{}}],"line":47},"3":{"loc":{"start":{"line":64,"column":2},"end":{"line":69,"column":null}},"type":"if","locations":[{"start":{"line":64,"column":2},"end":{"line":69,"column":null}},{"start":{},"end":{}}],"line":64},"4":{"loc":{"start":{"line":79,"column":24},"end":{"line":79,"column":44}},"type":"binary-expr","locations":[{"start":{"line":79,"column":24},"end":{"line":79,"column":42}},{"start":{"line":79,"column":42},"end":{"line":79,"column":44}}],"line":79},"5":{"loc":{"start":{"line":80,"column":2},"end":{"line":83,"column":null}},"type":"if","locations":[{"start":{"line":80,"column":2},"end":{"line":83,"column":null}},{"start":{},"end":{}}],"line":80},"6":{"loc":{"start":{"line":104,"column":2},"end":{"line":109,"column":null}},"type":"if","locations":[{"start":{"line":104,"column":2},"end":{"line":109,"column":null}},{"start":{},"end":{}}],"line":104},"7":{"loc":{"start":{"line":119,"column":25},"end":{"line":119,"column":46}},"type":"binary-expr","locations":[{"start":{"line":119,"column":25},"end":{"line":119,"column":44}},{"start":{"line":119,"column":44},"end":{"line":119,"column":46}}],"line":119},"8":{"loc":{"start":{"line":120,"column":2},"end":{"line":123,"column":null}},"type":"if","locations":[{"start":{"line":120,"column":2},"end":{"line":123,"column":null}},{"start":{},"end":{}}],"line":120},"9":{"loc":{"start":{"line":128,"column":21},"end":{"line":128,"column":null}},"type":"binary-expr","locations":[{"start":{"line":128,"column":21},"end":{"line":128,"column":46}},{"start":{"line":128,"column":46},"end":{"line":128,"column":null}}],"line":128},"10":{"loc":{"start":{"line":129,"column":12},"end":{"line":129,"column":null}},"type":"binary-expr","locations":[{"start":{"line":129,"column":12},"end":{"line":129,"column":28}},{"start":{"line":129,"column":28},"end":{"line":129,"column":null}}],"line":129},"11":{"loc":{"start":{"line":137,"column":13},"end":{"line":137,"column":null}},"type":"binary-expr","locations":[{"start":{"line":137,"column":13},"end":{"line":137,"column":30}},{"start":{"line":137,"column":30},"end":{"line":137,"column":null}}],"line":137},"12":{"loc":{"start":{"line":143,"column":2},"end":{"line":150,"column":null}},"type":"if","locations":[{"start":{"line":143,"column":2},"end":{"line":150,"column":null}},{"start":{},"end":{}}],"line":143},"13":{"loc":{"start":{"line":160,"column":25},"end":{"line":160,"column":46}},"type":"binary-expr","locations":[{"start":{"line":160,"column":25},"end":{"line":160,"column":44}},{"start":{"line":160,"column":44},"end":{"line":160,"column":46}}],"line":160},"14":{"loc":{"start":{"line":161,"column":2},"end":{"line":164,"column":null}},"type":"if","locations":[{"start":{"line":161,"column":2},"end":{"line":164,"column":null}},{"start":{},"end":{}}],"line":161},"15":{"loc":{"start":{"line":169,"column":21},"end":{"line":169,"column":null}},"type":"binary-expr","locations":[{"start":{"line":169,"column":21},"end":{"line":169,"column":46}},{"start":{"line":169,"column":46},"end":{"line":169,"column":null}}],"line":169},"16":{"loc":{"start":{"line":170,"column":12},"end":{"line":170,"column":null}},"type":"binary-expr","locations":[{"start":{"line":170,"column":12},"end":{"line":170,"column":28}},{"start":{"line":170,"column":28},"end":{"line":170,"column":null}}],"line":170},"17":{"loc":{"start":{"line":179,"column":13},"end":{"line":179,"column":null}},"type":"binary-expr","locations":[{"start":{"line":179,"column":13},"end":{"line":179,"column":30}},{"start":{"line":179,"column":30},"end":{"line":179,"column":null}}],"line":179},"18":{"loc":{"start":{"line":187,"column":2},"end":{"line":190,"column":null}},"type":"if","locations":[{"start":{"line":187,"column":2},"end":{"line":190,"column":null}},{"start":{},"end":{}}],"line":187},"19":{"loc":{"start":{"line":187,"column":6},"end":{"line":187,"column":66}},"type":"binary-expr","locations":[{"start":{"line":187,"column":6},"end":{"line":187,"column":34}},{"start":{"line":187,"column":34},"end":{"line":187,"column":66}}],"line":187},"20":{"loc":{"start":{"line":192,"column":2},"end":{"line":195,"column":null}},"type":"if","locations":[{"start":{"line":192,"column":2},"end":{"line":195,"column":null}},{"start":{},"end":{}}],"line":192},"21":{"loc":{"start":{"line":192,"column":6},"end":{"line":192,"column":76}},"type":"binary-expr","locations":[{"start":{"line":192,"column":6},"end":{"line":192,"column":35}},{"start":{"line":192,"column":35},"end":{"line":192,"column":76}}],"line":192},"22":{"loc":{"start":{"line":197,"column":2},"end":{"line":200,"column":null}},"type":"if","locations":[{"start":{"line":197,"column":2},"end":{"line":200,"column":null}},{"start":{},"end":{}}],"line":197},"23":{"loc":{"start":{"line":197,"column":6},"end":{"line":197,"column":68}},"type":"binary-expr","locations":[{"start":{"line":197,"column":6},"end":{"line":197,"column":35}},{"start":{"line":197,"column":35},"end":{"line":197,"column":68}}],"line":197},"24":{"loc":{"start":{"line":202,"column":2},"end":{"line":205,"column":null}},"type":"if","locations":[{"start":{"line":202,"column":2},"end":{"line":205,"column":null}},{"start":{},"end":{}}],"line":202},"25":{"loc":{"start":{"line":202,"column":6},"end":{"line":202,"column":74}},"type":"binary-expr","locations":[{"start":{"line":202,"column":6},"end":{"line":202,"column":35}},{"start":{"line":202,"column":35},"end":{"line":202,"column":74}}],"line":202},"26":{"loc":{"start":{"line":207,"column":2},"end":{"line":219,"column":null}},"type":"if","locations":[{"start":{"line":207,"column":2},"end":{"line":219,"column":null}},{"start":{},"end":{}}],"line":207},"27":{"loc":{"start":{"line":207,"column":6},"end":{"line":207,"column":71}},"type":"binary-expr","locations":[{"start":{"line":207,"column":6},"end":{"line":207,"column":35}},{"start":{"line":207,"column":35},"end":{"line":207,"column":71}}],"line":207},"28":{"loc":{"start":{"line":217,"column":23},"end":{"line":217,"column":46}},"type":"cond-expr","locations":[{"start":{"line":217,"column":35},"end":{"line":217,"column":41}},{"start":{"line":217,"column":41},"end":{"line":217,"column":46}}],"line":217},"29":{"loc":{"start":{"line":221,"column":2},"end":{"line":233,"column":null}},"type":"if","locations":[{"start":{"line":221,"column":2},"end":{"line":233,"column":null}},{"start":{},"end":{}}],"line":221},"30":{"loc":{"start":{"line":221,"column":6},"end":{"line":221,"column":87}},"type":"binary-expr","locations":[{"start":{"line":221,"column":6},"end":{"line":221,"column":35}},{"start":{"line":221,"column":35},"end":{"line":221,"column":87}}],"line":221},"31":{"loc":{"start":{"line":231,"column":23},"end":{"line":231,"column":46}},"type":"cond-expr","locations":[{"start":{"line":231,"column":35},"end":{"line":231,"column":41}},{"start":{"line":231,"column":41},"end":{"line":231,"column":46}}],"line":231},"32":{"loc":{"start":{"line":235,"column":2},"end":{"line":247,"column":null}},"type":"if","locations":[{"start":{"line":235,"column":2},"end":{"line":247,"column":null}},{"start":{},"end":{}}],"line":235},"33":{"loc":{"start":{"line":235,"column":6},"end":{"line":235,"column":86}},"type":"binary-expr","locations":[{"start":{"line":235,"column":6},"end":{"line":235,"column":35}},{"start":{"line":235,"column":35},"end":{"line":235,"column":86}}],"line":235},"34":{"loc":{"start":{"line":245,"column":23},"end":{"line":245,"column":46}},"type":"cond-expr","locations":[{"start":{"line":245,"column":35},"end":{"line":245,"column":41}},{"start":{"line":245,"column":41},"end":{"line":245,"column":46}}],"line":245},"35":{"loc":{"start":{"line":249,"column":2},"end":{"line":261,"column":null}},"type":"if","locations":[{"start":{"line":249,"column":2},"end":{"line":261,"column":null}},{"start":{},"end":{}}],"line":249},"36":{"loc":{"start":{"line":249,"column":6},"end":{"line":249,"column":93}},"type":"binary-expr","locations":[{"start":{"line":249,"column":6},"end":{"line":249,"column":35}},{"start":{"line":249,"column":35},"end":{"line":249,"column":93}}],"line":249},"37":{"loc":{"start":{"line":259,"column":23},"end":{"line":259,"column":46}},"type":"cond-expr","locations":[{"start":{"line":259,"column":35},"end":{"line":259,"column":41}},{"start":{"line":259,"column":41},"end":{"line":259,"column":46}}],"line":259},"38":{"loc":{"start":{"line":263,"column":2},"end":{"line":275,"column":null}},"type":"if","locations":[{"start":{"line":263,"column":2},"end":{"line":275,"column":null}},{"start":{},"end":{}}],"line":263},"39":{"loc":{"start":{"line":263,"column":6},"end":{"line":263,"column":92}},"type":"binary-expr","locations":[{"start":{"line":263,"column":6},"end":{"line":263,"column":35}},{"start":{"line":263,"column":35},"end":{"line":263,"column":92}}],"line":263},"40":{"loc":{"start":{"line":273,"column":23},"end":{"line":273,"column":46}},"type":"cond-expr","locations":[{"start":{"line":273,"column":35},"end":{"line":273,"column":41}},{"start":{"line":273,"column":41},"end":{"line":273,"column":46}}],"line":273},"41":{"loc":{"start":{"line":277,"column":2},"end":{"line":289,"column":null}},"type":"if","locations":[{"start":{"line":277,"column":2},"end":{"line":289,"column":null}},{"start":{},"end":{}}],"line":277},"42":{"loc":{"start":{"line":277,"column":6},"end":{"line":277,"column":86}},"type":"binary-expr","locations":[{"start":{"line":277,"column":6},"end":{"line":277,"column":35}},{"start":{"line":277,"column":35},"end":{"line":277,"column":86}}],"line":277},"43":{"loc":{"start":{"line":287,"column":23},"end":{"line":287,"column":46}},"type":"cond-expr","locations":[{"start":{"line":287,"column":35},"end":{"line":287,"column":41}},{"start":{"line":287,"column":41},"end":{"line":287,"column":46}}],"line":287},"44":{"loc":{"start":{"line":291,"column":2},"end":{"line":303,"column":null}},"type":"if","locations":[{"start":{"line":291,"column":2},"end":{"line":303,"column":null}},{"start":{},"end":{}}],"line":291},"45":{"loc":{"start":{"line":291,"column":6},"end":{"line":291,"column":78}},"type":"binary-expr","locations":[{"start":{"line":291,"column":6},"end":{"line":291,"column":35}},{"start":{"line":291,"column":35},"end":{"line":291,"column":78}}],"line":291},"46":{"loc":{"start":{"line":301,"column":23},"end":{"line":301,"column":63}},"type":"cond-expr","locations":[{"start":{"line":301,"column":35},"end":{"line":301,"column":41}},{"start":{"line":301,"column":41},"end":{"line":301,"column":63}}],"line":301},"47":{"loc":{"start":{"line":301,"column":41},"end":{"line":301,"column":63}},"type":"binary-expr","locations":[{"start":{"line":301,"column":41},"end":{"line":301,"column":58}},{"start":{"line":301,"column":58},"end":{"line":301,"column":63}}],"line":301},"48":{"loc":{"start":{"line":305,"column":2},"end":{"line":317,"column":null}},"type":"if","locations":[{"start":{"line":305,"column":2},"end":{"line":317,"column":null}},{"start":{},"end":{}}],"line":305},"49":{"loc":{"start":{"line":305,"column":6},"end":{"line":305,"column":85}},"type":"binary-expr","locations":[{"start":{"line":305,"column":6},"end":{"line":305,"column":35}},{"start":{"line":305,"column":35},"end":{"line":305,"column":85}}],"line":305},"50":{"loc":{"start":{"line":315,"column":23},"end":{"line":315,"column":63}},"type":"cond-expr","locations":[{"start":{"line":315,"column":35},"end":{"line":315,"column":41}},{"start":{"line":315,"column":41},"end":{"line":315,"column":63}}],"line":315},"51":{"loc":{"start":{"line":315,"column":41},"end":{"line":315,"column":63}},"type":"binary-expr","locations":[{"start":{"line":315,"column":41},"end":{"line":315,"column":58}},{"start":{"line":315,"column":58},"end":{"line":315,"column":63}}],"line":315},"52":{"loc":{"start":{"line":322,"column":0},"end":{"line":326,"column":null}},"type":"if","locations":[{"start":{"line":322,"column":0},"end":{"line":326,"column":null}},{"start":{},"end":{}}],"line":322}},"s":{"0":1,"1":1,"2":1,"3":1,"4":11,"5":11,"6":8,"7":8,"8":8,"9":8,"10":8,"11":0,"12":0,"13":8,"14":8,"15":0,"16":0,"17":8,"18":8,"19":0,"20":8,"21":2,"22":1,"23":1,"24":1,"25":1,"26":0,"27":0,"28":1,"29":2,"30":0,"31":0,"32":1,"33":1,"34":1,"35":0,"36":0,"37":1,"38":0,"39":0,"40":1,"41":1,"42":0,"43":0,"44":1,"45":1,"46":0,"47":0,"48":1,"49":1,"50":1,"51":0,"52":0,"53":0,"54":0,"55":0,"56":0,"57":0,"58":0,"59":0,"60":0,"61":0,"62":0,"63":0,"64":0,"65":0,"66":0,"67":0,"68":0,"69":1,"70":11,"71":11,"72":1,"73":1,"74":10,"75":2,"76":2,"77":8,"78":1,"79":1,"80":7,"81":0,"82":0,"83":7,"84":2,"85":2,"86":0,"87":0,"88":2,"89":2,"90":2,"91":5,"92":1,"93":1,"94":0,"95":0,"96":1,"97":1,"98":1,"99":4,"100":1,"101":1,"102":0,"103":0,"104":1,"105":1,"106":1,"107":3,"108":0,"109":0,"110":0,"111":0,"112":0,"113":0,"114":0,"115":3,"116":0,"117":0,"118":0,"119":0,"120":0,"121":0,"122":0,"123":3,"124":0,"125":0,"126":0,"127":0,"128":0,"129":0,"130":0,"131":3,"132":1,"133":1,"134":0,"135":0,"136":1,"137":1,"138":1,"139":2,"140":1,"141":1,"142":0,"143":0,"144":1,"145":1,"146":1,"147":1,"148":1,"149":0,"150":0},"f":{"0":11,"1":8,"2":8,"3":8,"4":8,"5":2,"6":1,"7":0,"8":11,"9":0},"b":{"0":[1,0],"1":[0,8],"2":[0,8],"3":[1,1],"4":[1,0],"5":[0,2],"6":[0,1],"7":[1,0],"8":[0,1],"9":[1,1],"10":[1,1],"11":[0,0],"12":[0,0],"13":[0,0],"14":[0,0],"15":[0,0],"16":[0,0],"17":[0,0],"18":[1,10],"19":[11,2],"20":[2,8],"21":[10,9],"22":[1,7],"23":[8,7],"24":[0,7],"25":[7,6],"26":[2,5],"27":[7,6],"28":[1,1],"29":[1,4],"30":[5,4],"31":[1,0],"32":[1,3],"33":[4,3],"34":[1,0],"35":[0,3],"36":[3,2],"37":[0,0],"38":[0,3],"39":[3,2],"40":[0,0],"41":[0,3],"42":[3,2],"43":[0,0],"44":[1,2],"45":[3,2],"46":[1,0],"47":[0,0],"48":[1,1],"49":[2,1],"50":[1,0],"51":[0,0],"52":[0,1]},"meta":{"lastBranch":53,"lastFunction":10,"lastStatement":151,"seen":{"s:21:18:21:Infinity":0,"s:22:0:22:Infinity":1,"s:24:13:24:Infinity":2,"b:24:20:24:40:24:40:24:44":0,"s:25:23:25:Infinity":3,"f:27:9:27:18":0,"s:28:2:30:Infinity":4,"s:31:2:31:Infinity":5,"f:34:9:34:22":1,"s:35:2:60:Infinity":6,"f:35:13:35:22":2,"s:36:15:36:Infinity":7,"s:38:4:44:Infinity":8,"f:38:15:38:24":3,"s:39:6:39:Infinity":9,"b:40:6:43:Infinity:undefined:undefined:undefined:undefined":1,"s:40:6:43:Infinity":10,"s:41:8:41:Infinity":11,"s:42:8:42:Infinity":12,"s:46:4:57:Infinity":13,"f:46:15:46:28":4,"b:47:6:50:Infinity:undefined:undefined:undefined:undefined":2,"s:47:6:50:Infinity":14,"s:48:8:48:Infinity":15,"s:49:8:49:Infinity":16,"s:52:6:56:Infinity":17,"s:53:8:53:Infinity":18,"s:55:8:55:Infinity":19,"s:59:4:59:Infinity":20,"f:63:15:63:35":5,"b:64:2:69:Infinity:undefined:undefined:undefined:undefined":3,"s:64:2:69:Infinity":21,"s:65:4:67:Infinity":22,"s:68:4:68:Infinity":23,"s:72:2:77:Infinity":24,"s:73:4:73:Infinity":25,"s:75:4:75:Infinity":26,"s:76:4:76:Infinity":27,"s:79:17:79:Infinity":28,"b:79:24:79:42:79:42:79:44":4,"b:80:2:83:Infinity:undefined:undefined:undefined:undefined":5,"s:80:2:83:Infinity":29,"s:81:4:81:Infinity":30,"s:82:4:82:Infinity":31,"s:85:2:100:Infinity":32,"s:86:17:91:Infinity":33,"s:93:4:93:Infinity":34,"s:95:4:95:Infinity":35,"s:96:4:99:Infinity":36,"f:103:15:103:35":6,"b:104:2:109:Infinity:undefined:undefined:undefined:undefined":6,"s:104:2:109:Infinity":37,"s:105:4:107:Infinity":38,"s:108:4:108:Infinity":39,"s:112:2:117:Infinity":40,"s:113:4:113:Infinity":41,"s:115:4:115:Infinity":42,"s:116:4:116:Infinity":43,"s:119:18:119:Infinity":44,"b:119:25:119:44:119:44:119:46":7,"b:120:2:123:Infinity:undefined:undefined:undefined:undefined":8,"s:120:2:123:Infinity":45,"s:121:4:121:Infinity":46,"s:122:4:122:Infinity":47,"s:125:2:139:Infinity":48,"s:126:17:130:Infinity":49,"b:128:21:128:46:128:46:128:Infinity":9,"b:129:12:129:28:129:28:129:Infinity":10,"s:131:4:131:Infinity":50,"s:133:4:133:Infinity":51,"s:134:4:138:Infinity":52,"b:137:13:137:30:137:30:137:Infinity":11,"f:142:15:142:40":7,"b:143:2:150:Infinity:undefined:undefined:undefined:undefined":12,"s:143:2:150:Infinity":53,"s:144:4:148:Infinity":54,"s:149:4:149:Infinity":55,"s:153:2:158:Infinity":56,"s:154:4:154:Infinity":57,"s:156:4:156:Infinity":58,"s:157:4:157:Infinity":59,"s:160:18:160:Infinity":60,"b:160:25:160:44:160:44:160:46":13,"b:161:2:164:Infinity:undefined:undefined:undefined:undefined":14,"s:161:2:164:Infinity":61,"s:162:4:162:Infinity":62,"s:163:4:163:Infinity":63,"s:166:2:181:Infinity":64,"s:167:17:171:Infinity":65,"b:169:21:169:46:169:46:169:Infinity":15,"b:170:12:170:28:170:28:170:Infinity":16,"s:172:4:172:Infinity":66,"s:174:4:174:Infinity":67,"s:175:4:180:Infinity":68,"b:179:13:179:30:179:30:179:Infinity":17,"s:184:15:320:Infinity":69,"f:184:33:184:40":8,"s:185:14:185:Infinity":70,"b:187:2:190:Infinity:undefined:undefined:undefined:undefined":18,"s:187:2:190:Infinity":71,"b:187:6:187:34:187:34:187:66":19,"s:188:4:188:Infinity":72,"s:189:4:189:Infinity":73,"b:192:2:195:Infinity:undefined:undefined:undefined:undefined":20,"s:192:2:195:Infinity":74,"b:192:6:192:35:192:35:192:76":21,"s:193:4:193:Infinity":75,"s:194:4:194:Infinity":76,"b:197:2:200:Infinity:undefined:undefined:undefined:undefined":22,"s:197:2:200:Infinity":77,"b:197:6:197:35:197:35:197:68":23,"s:198:4:198:Infinity":78,"s:199:4:199:Infinity":79,"b:202:2:205:Infinity:undefined:undefined:undefined:undefined":24,"s:202:2:205:Infinity":80,"b:202:6:202:35:202:35:202:74":25,"s:203:4:203:Infinity":81,"s:204:4:204:Infinity":82,"b:207:2:219:Infinity:undefined:undefined:undefined:undefined":26,"s:207:2:219:Infinity":83,"b:207:6:207:35:207:35:207:71":27,"s:209:4:214:Infinity":84,"s:210:6:210:Infinity":85,"s:212:6:212:Infinity":86,"s:213:6:213:Infinity":87,"s:216:19:216:Infinity":88,"s:217:4:217:Infinity":89,"b:217:35:217:41:217:41:217:46":28,"s:218:4:218:Infinity":90,"b:221:2:233:Infinity:undefined:undefined:undefined:undefined":29,"s:221:2:233:Infinity":91,"b:221:6:221:35:221:35:221:87":30,"s:223:4:228:Infinity":92,"s:224:6:224:Infinity":93,"s:226:6:226:Infinity":94,"s:227:6:227:Infinity":95,"s:230:19:230:Infinity":96,"s:231:4:231:Infinity":97,"b:231:35:231:41:231:41:231:46":31,"s:232:4:232:Infinity":98,"b:235:2:247:Infinity:undefined:undefined:undefined:undefined":32,"s:235:2:247:Infinity":99,"b:235:6:235:35:235:35:235:86":33,"s:237:4:242:Infinity":100,"s:238:6:238:Infinity":101,"s:240:6:240:Infinity":102,"s:241:6:241:Infinity":103,"s:244:19:244:Infinity":104,"s:245:4:245:Infinity":105,"b:245:35:245:41:245:41:245:46":34,"s:246:4:246:Infinity":106,"b:249:2:261:Infinity:undefined:undefined:undefined:undefined":35,"s:249:2:261:Infinity":107,"b:249:6:249:35:249:35:249:93":36,"s:251:4:256:Infinity":108,"s:252:6:252:Infinity":109,"s:254:6:254:Infinity":110,"s:255:6:255:Infinity":111,"s:258:19:258:Infinity":112,"s:259:4:259:Infinity":113,"b:259:35:259:41:259:41:259:46":37,"s:260:4:260:Infinity":114,"b:263:2:275:Infinity:undefined:undefined:undefined:undefined":38,"s:263:2:275:Infinity":115,"b:263:6:263:35:263:35:263:92":39,"s:265:4:270:Infinity":116,"s:266:6:266:Infinity":117,"s:268:6:268:Infinity":118,"s:269:6:269:Infinity":119,"s:272:19:272:Infinity":120,"s:273:4:273:Infinity":121,"b:273:35:273:41:273:41:273:46":40,"s:274:4:274:Infinity":122,"b:277:2:289:Infinity:undefined:undefined:undefined:undefined":41,"s:277:2:289:Infinity":123,"b:277:6:277:35:277:35:277:86":42,"s:279:4:284:Infinity":124,"s:280:6:280:Infinity":125,"s:282:6:282:Infinity":126,"s:283:6:283:Infinity":127,"s:286:19:286:Infinity":128,"s:287:4:287:Infinity":129,"b:287:35:287:41:287:41:287:46":43,"s:288:4:288:Infinity":130,"b:291:2:303:Infinity:undefined:undefined:undefined:undefined":44,"s:291:2:303:Infinity":131,"b:291:6:291:35:291:35:291:78":45,"s:293:4:298:Infinity":132,"s:294:6:294:Infinity":133,"s:296:6:296:Infinity":134,"s:297:6:297:Infinity":135,"s:300:19:300:Infinity":136,"s:301:4:301:Infinity":137,"b:301:35:301:41:301:41:301:63":46,"b:301:41:301:58:301:58:301:63":47,"s:302:4:302:Infinity":138,"b:305:2:317:Infinity:undefined:undefined:undefined:undefined":48,"s:305:2:317:Infinity":139,"b:305:6:305:35:305:35:305:85":49,"s:307:4:312:Infinity":140,"s:308:6:308:Infinity":141,"s:310:6:310:Infinity":142,"s:311:6:311:Infinity":143,"s:314:19:314:Infinity":144,"s:315:4:315:Infinity":145,"b:315:35:315:41:315:41:315:63":50,"b:315:41:315:58:315:58:315:63":51,"s:316:4:316:Infinity":146,"s:319:2:319:Infinity":147,"b:322:0:326:Infinity:undefined:undefined:undefined:undefined":52,"s:322:0:326:Infinity":148,"s:323:2:325:Infinity":149,"f:323:16:323:28":9,"s:324:4:324:Infinity":150},"fnNames":{}}}
}
